This is pdfTeX, Version 3.141592653-2.6-1.40.29 (MiKTeX 26.2) (preloaded format=pdflatex 2026.4.15)  15 APR 2026 12:34
entering extended mode
 restricted \write18 enabled.
 file:line:error style messages enabled.
 %&-line parsing enabled.
**c:/Users/TangyKiwi/Desktop/UCSD/DSC-190/submission/PA.tex
(c:/Users/TangyKiwi/Desktop/UCSD/DSC-190/submission/PA.tex
LaTeX2e <2025-11-01>
L3 programming layer <2026-03-20>
(C:\Users\TangyKiwi\AppData\Local\Programs\MiKTeX\tex/latex/base\article.cls
Document Class: article 2025/01/22 v1.4n Standard LaTeX document class
(C:\Users\TangyKiwi\AppData\Local\Programs\MiKTeX\tex/latex/base\size10.clo
File: size10.clo 2025/01/22 v1.4n Standard LaTeX file (size option)
)
\c@part=\count275
\c@section=\count276
\c@subsection=\count277
\c@subsubsection=\count278
\c@paragraph=\count279
\c@subparagraph=\count280
\c@figure=\count281
\c@table=\count282
\abovecaptionskip=\skip49
\belowcaptionskip=\skip50
\bibindent=\dimen150
) (C:\Users\TangyKiwi\AppData\Local\Programs\MiKTeX\tex/latex/pdfpages\pdfpages.sty
Package: pdfpages 2026/03/30 v0.6h Insert pages of external PDF documents (AM)
 (C:\Users\TangyKiwi\AppData\Local\Programs\MiKTeX\tex/latex/base\ifthen.sty
Package: ifthen 2024/03/16 v1.1e Standard LaTeX ifthen package (DPC)
) (C:\Users\TangyKiwi\AppData\Local\Programs\MiKTeX\tex/latex/tools\calc.sty
Package: calc 2025/03/01 v4.3b Infix arithmetic (KKT,FJ)
\calc@Acount=\count283
\calc@Bcount=\count284
\calc@Adimen=\dimen151
\calc@Bdimen=\dimen152
\calc@Askip=\skip51
\calc@Bskip=\skip52
LaTeX Info: Redefining \setlength on input line 86.
LaTeX Info: Redefining \addtolength on input line 87.
\calc@Ccount=\count285
\calc@Cskip=\skip53
) (C:\Users\TangyKiwi\AppData\Local\Programs\MiKTeX\tex/latex/eso-pic\eso-pic.sty
Package: eso-pic 2025/12/10 v3.0d eso-pic (RN)
\ESO@tempdima=\dimen153
\ESO@tempdimb=\dimen154
 (C:\Users\TangyKiwi\AppData\Local\Programs\MiKTeX\tex/latex/graphics\keyval.sty
Package: keyval 2022/05/29 v1.15 key=value parser (DPC)
\KV@toks@=\toks17
) (C:\Users\TangyKiwi\AppData\Local\Programs\MiKTeX\tex/latex/xcolor\xcolor.sty
Package: xcolor 2024/09/29 v3.02 LaTeX color extensions (UK)
 (C:\Users\TangyKiwi\AppData\Local\Programs\MiKTeX\tex/latex/graphics-cfg\color.cfg
File: color.cfg 2016/01/02 v1.6 sample color configuration
)
Package xcolor Info: Driver file: pdftex.def on input line 274.
 (C:\Users\TangyKiwi\AppData\Local\Programs\MiKTeX\tex/latex/graphics-def\pdftex.def
File: pdftex.def 2025/09/29 v1.2d Graphics/color driver for pdftex
) (C:\Users\TangyKiwi\AppData\Local\Programs\MiKTeX\tex/latex/graphics\mathcolor.ltx)
Package xcolor Info: Model `cmy' substituted by `cmy0' on input line 1349.
Package xcolor Info: Model `hsb' substituted by `rgb' on input line 1353.
Package xcolor Info: Model `RGB' extended on input line 1365.
Package xcolor Info: Model `HTML' substituted by `rgb' on input line 1367.
Package xcolor Info: Model `Hsb' substituted by `hsb' on input line 1368.
Package xcolor Info: Model `tHsb' substituted by `hsb' on input line 1369.
Package xcolor Info: Model `HSB' substituted by `hsb' on input line 1370.
Package xcolor Info: Model `Gray' substituted by `gray' on input line 1371.
Package xcolor Info: Model `wave' substituted by `hsb' on input line 1372.
)) (C:\Users\TangyKiwi\AppData\Local\Programs\MiKTeX\tex/latex/etoolbox\etoolbox.sty
Package: etoolbox 2025/10/02 v2.5m e-TeX tools for LaTeX (JAW)
\etb@tempcnta=\count286
) (C:\Users\TangyKiwi\AppData\Local\Programs\MiKTeX\tex/latex/graphics\graphicx.sty
Package: graphicx 2024/12/31 v1.2e Enhanced LaTeX Graphics (DPC,SPQR)
 (C:\Users\TangyKiwi\AppData\Local\Programs\MiKTeX\tex/latex/graphics\graphics.sty
Package: graphics 2024/08/06 v1.4g Standard LaTeX Graphics (DPC,SPQR)
 (C:\Users\TangyKiwi\AppData\Local\Programs\MiKTeX\tex/latex/graphics\trig.sty
Package: trig 2023/12/02 v1.11 sin cos tan (DPC)
) (C:\Users\TangyKiwi\AppData\Local\Programs\MiKTeX\tex/latex/graphics-cfg\graphics.cfg
File: graphics.cfg 2016/06/04 v1.11 sample graphics configuration
)
Package graphics Info: Driver file: pdftex.def on input line 106.
)
\Gin@req@height=\dimen155
\Gin@req@width=\dimen156
)
\AM@pagewidth=\dimen157
\AM@pageheight=\dimen158
\AM@fboxrule=\dimen159
 (C:\Users\TangyKiwi\AppData\Local\Programs\MiKTeX\tex/latex/pdfpages\pppdftex.def
File: pppdftex.def 2026/03/30 v0.6h Pdfpages driver for pdfTeX (AM)
)
\pdfpages@includegraphics@status=\count287
\AM@pagebox=\box53
\AM@global@opts=\toks18
\AM@pagecnt=\count288
\AM@toc@title=\toks19
\AM@lof@heading=\toks20
\c@AM@survey=\count289
\AM@templatesizebox=\box54
) (C:\Users\TangyKiwi\AppData\Local\Programs\MiKTeX\tex/latex/l3backend\l3backend-pdftex.def
File: l3backend-pdftex.def 2026-02-18 L3 backend support: PDF output (pdfTeX)
\l__color_backend_stack_int=\count290
) (PA.aux)
\openout1 = `PA.aux'.

LaTeX Font Info:    Checking defaults for OML/cmm/m/it on input line 4.
LaTeX Font Info:    ... okay on input line 4.
LaTeX Font Info:    Checking defaults for OMS/cmsy/m/n on input line 4.
LaTeX Font Info:    ... okay on input line 4.
LaTeX Font Info:    Checking defaults for OT1/cmr/m/n on input line 4.
LaTeX Font Info:    ... okay on input line 4.
LaTeX Font Info:    Checking defaults for T1/cmr/m/n on input line 4.
LaTeX Font Info:    ... okay on input line 4.
LaTeX Font Info:    Checking defaults for TS1/cmr/m/n on input line 4.
LaTeX Font Info:    ... okay on input line 4.
LaTeX Font Info:    Checking defaults for OMX/cmex/m/n on input line 4.
LaTeX Font Info:    ... okay on input line 4.
LaTeX Font Info:    Checking defaults for U/cmr/m/n on input line 4.
LaTeX Font Info:    ... okay on input line 4.
 (C:\Users\TangyKiwi\AppData\Local\Programs\MiKTeX\tex/context/base/mkii\supp-pdf.mkii
[Loading MPS to PDF converter (version 2006.09.02).]
\scratchcounter=\count291
\scratchdimen=\dimen160
\scratchbox=\box55
\nofMPsegments=\count292
\nofMParguments=\count293
\everyMPshowfont=\toks21
\MPscratchCnt=\count294
\MPscratchDim=\dimen161
\MPnumerator=\count295
\makeMPintoPDFobject=\count296
\everyMPtoPDFconversion=\toks22
) (C:\Users\TangyKiwi\AppData\Local\Programs\MiKTeX\tex/latex/epstopdf-pkg\epstopdf-base.sty
Package: epstopdf-base 2020-01-24 v2.11 Base part for package epstopdf
Package epstopdf-base Info: Redefining graphics rule for `.eps' on input line 485.
 (C:\Users\TangyKiwi\AppData\Local\Programs\MiKTeX\tex/latex/00miktex\epstopdf-sys.cfg
File: epstopdf-sys.cfg 2021/03/18 v2.0 Configuration of epstopdf for MiKTeX
)) (C:\Users\TangyKiwi\AppData\Local\Programs\MiKTeX\tex/latex/pdflscape\pdflscape.sty
Package: pdflscape 2022-10-27 v0.13 Display of landscape pages in PDF
 (C:\Users\TangyKiwi\AppData\Local\Programs\MiKTeX\tex/latex/pdflscape\pdflscape-nometadata.sty
Package: pdflscape-nometadata 2022-10-28 v0.13 Display of landscape pages in PDF (HO)
 (C:\Users\TangyKiwi\AppData\Local\Programs\MiKTeX\tex/generic/iftex\iftex.sty
Package: iftex 2024/12/12 v1.0g TeX engine tests
) (C:\Users\TangyKiwi\AppData\Local\Programs\MiKTeX\tex/latex/graphics\lscape.sty
Package: lscape 2020/05/28 v3.02 Landscape Pages (DPC)
)
Package pdflscape Info: Auto-detected driver: pdftex on input line 81.
))

pdfTeX warning: pdflatex (file ../PA-Q1-Part I.pdf): PDF inclusion: found PDF version <1.7>, but at most version <1.5> allowed
<../PA-Q1-Part I.pdf, id=1, 614.295pt x 794.97pt>
File: ../PA-Q1-Part I.pdf Graphic file (type pdf)
<use ../PA-Q1-Part I.pdf>
Package pdftex.def Info: ../PA-Q1-Part I.pdf  used on input line 6.
(pdftex.def)             Requested size: 614.29349pt x 794.96806pt.


pdfTeX warning: pdflatex (file ../PA-Q1-Part I.pdf): PDF inclusion: found PDF version <1.7>, but at most version <1.5> allowed


pdfTeX warning: pdflatex (file ../PA-Q1-Part I.pdf): PDF inclusion: found PDF version <1.7>, but at most version <1.5> allowed
<../PA-Q1-Part I.pdf, id=3, page=1, 614.295pt x 794.97pt>
File: ../PA-Q1-Part I.pdf Graphic file (type pdf)
<use ../PA-Q1-Part I.pdf, page 1>
Package pdftex.def Info: ../PA-Q1-Part I.pdf , page1 used on input line 6.
(pdftex.def)             Requested size: 614.29349pt x 794.96806pt.
File: ../PA-Q1-Part I.pdf Graphic file (type pdf)
<use ../PA-Q1-Part I.pdf, page 1>
Package pdftex.def Info: ../PA-Q1-Part I.pdf , page1 used on input line 6.
(pdftex.def)             Requested size: 614.58406pt x 795.3441pt.
File: ../PA-Q1-Part I.pdf Graphic file (type pdf)
<use ../PA-Q1-Part I.pdf, page 1>
Package pdftex.def Info: ../PA-Q1-Part I.pdf , page1 used on input line 6.
(pdftex.def)             Requested size: 614.58406pt x 795.3441pt.
File: ../PA-Q1-Part I.pdf Graphic file (type pdf)
<use ../PA-Q1-Part I.pdf, page 1>
Package pdftex.def Info: ../PA-Q1-Part I.pdf , page1 used on input line 6.
(pdftex.def)             Requested size: 614.58406pt x 795.3441pt.
File: ../PA-Q1-Part I.pdf Graphic file (type pdf)
<use ../PA-Q1-Part I.pdf, page 1>
Package pdftex.def Info: ../PA-Q1-Part I.pdf , page1 used on input line 6.
(pdftex.def)             Requested size: 614.58406pt x 795.3441pt.
[1


 <../PA-Q1-Part I.pdf>]

pdfTeX warning: pdflatex (file ../PA-Q1-Part I.pdf): PDF inclusion: found PDF version <1.7>, but at most version <1.5> allowed
<../PA-Q1-Part I.pdf, id=79, page=2, 614.295pt x 794.97pt>
File: ../PA-Q1-Part I.pdf Graphic file (type pdf)
<use ../PA-Q1-Part I.pdf, page 2>
Package pdftex.def Info: ../PA-Q1-Part I.pdf , page2 used on input line 6.
(pdftex.def)             Requested size: 614.58406pt x 795.3441pt.
File: ../PA-Q1-Part I.pdf Graphic file (type pdf)
<use ../PA-Q1-Part I.pdf, page 2>
Package pdftex.def Info: ../PA-Q1-Part I.pdf , page2 used on input line 6.
(pdftex.def)             Requested size: 614.58406pt x 795.3441pt.
File: ../PA-Q1-Part I.pdf Graphic file (type pdf)
<use ../PA-Q1-Part I.pdf, page 2>
Package pdftex.def Info: ../PA-Q1-Part I.pdf , page2 used on input line 6.
(pdftex.def)             Requested size: 614.58406pt x 795.3441pt.
[2

 <../PA-Q1-Part I.pdf>]

pdfTeX warning: pdflatex (file ../PA-Q1-Part I.pdf): PDF inclusion: found PDF version <1.7>, but at most version <1.5> allowed
<../PA-Q1-Part I.pdf, id=85, page=3, 614.295pt x 794.97pt>
File: ../PA-Q1-Part I.pdf Graphic file (type pdf)
<use ../PA-Q1-Part I.pdf, page 3>
Package pdftex.def Info: ../PA-Q1-Part I.pdf , page3 used on input line 6.
(pdftex.def)             Requested size: 614.58406pt x 795.3441pt.
File: ../PA-Q1-Part I.pdf Graphic file (type pdf)
<use ../PA-Q1-Part I.pdf, page 3>
Package pdftex.def Info: ../PA-Q1-Part I.pdf , page3 used on input line 6.
(pdftex.def)             Requested size: 614.58406pt x 795.3441pt.
File: ../PA-Q1-Part I.pdf Graphic file (type pdf)
<use ../PA-Q1-Part I.pdf, page 3>
Package pdftex.def Info: ../PA-Q1-Part I.pdf , page3 used on input line 6.
(pdftex.def)             Requested size: 614.58406pt x 795.3441pt.
[3

 <../PA-Q1-Part I.pdf>]

pdfTeX warning: pdflatex (file ../PA-Q1-Part I.pdf): PDF inclusion: found PDF version <1.7>, but at most version <1.5> allowed
<../PA-Q1-Part I.pdf, id=89, page=4, 614.295pt x 794.97pt>
File: ../PA-Q1-Part I.pdf Graphic file (type pdf)
<use ../PA-Q1-Part I.pdf, page 4>
Package pdftex.def Info: ../PA-Q1-Part I.pdf , page4 used on input line 6.
(pdftex.def)             Requested size: 614.58406pt x 795.3441pt.
File: ../PA-Q1-Part I.pdf Graphic file (type pdf)
<use ../PA-Q1-Part I.pdf, page 4>
Package pdftex.def Info: ../PA-Q1-Part I.pdf , page4 used on input line 6.
(pdftex.def)             Requested size: 614.58406pt x 795.3441pt.
File: ../PA-Q1-Part I.pdf Graphic file (type pdf)
<use ../PA-Q1-Part I.pdf, page 4>
Package pdftex.def Info: ../PA-Q1-Part I.pdf , page4 used on input line 6.
(pdftex.def)             Requested size: 614.58406pt x 795.3441pt.
[4

 <../PA-Q1-Part I.pdf>]

pdfTeX warning: pdflatex (file ../PA-Q1-Part I.pdf): PDF inclusion: found PDF version <1.7>, but at most version <1.5> allowed
<../PA-Q1-Part I.pdf, id=93, page=5, 614.295pt x 794.97pt>
File: ../PA-Q1-Part I.pdf Graphic file (type pdf)
<use ../PA-Q1-Part I.pdf, page 5>
Package pdftex.def Info: ../PA-Q1-Part I.pdf , page5 used on input line 6.
(pdftex.def)             Requested size: 614.58406pt x 795.3441pt.
File: ../PA-Q1-Part I.pdf Graphic file (type pdf)
<use ../PA-Q1-Part I.pdf, page 5>
Package pdftex.def Info: ../PA-Q1-Part I.pdf , page5 used on input line 6.
(pdftex.def)             Requested size: 614.58406pt x 795.3441pt.
File: ../PA-Q1-Part I.pdf Graphic file (type pdf)
<use ../PA-Q1-Part I.pdf, page 5>
Package pdftex.def Info: ../PA-Q1-Part I.pdf , page5 used on input line 6.
(pdftex.def)             Requested size: 614.58406pt x 795.3441pt.
[5

 <../PA-Q1-Part I.pdf>]

pdfTeX warning: pdflatex (file ../PA-Q1-Part I.pdf): PDF inclusion: found PDF version <1.7>, but at most version <1.5> allowed
<../PA-Q1-Part I.pdf, id=97, page=6, 614.295pt x 794.97pt>
File: ../PA-Q1-Part I.pdf Graphic file (type pdf)
<use ../PA-Q1-Part I.pdf, page 6>
Package pdftex.def Info: ../PA-Q1-Part I.pdf , page6 used on input line 6.
(pdftex.def)             Requested size: 614.58406pt x 795.3441pt.
File: ../PA-Q1-Part I.pdf Graphic file (type pdf)
<use ../PA-Q1-Part I.pdf, page 6>
Package pdftex.def Info: ../PA-Q1-Part I.pdf , page6 used on input line 6.
(pdftex.def)             Requested size: 614.58406pt x 795.3441pt.
File: ../PA-Q1-Part I.pdf Graphic file (type pdf)
<use ../PA-Q1-Part I.pdf, page 6>
Package pdftex.def Info: ../PA-Q1-Part I.pdf , page6 used on input line 6.
(pdftex.def)             Requested size: 614.58406pt x 795.3441pt.
[6

 <../PA-Q1-Part I.pdf>]

pdfTeX warning: pdflatex (file ../PA-Q1-Part I.pdf): PDF inclusion: found PDF version <1.7>, but at most version <1.5> allowed
<../PA-Q1-Part I.pdf, id=101, page=7, 614.295pt x 794.97pt>
File: ../PA-Q1-Part I.pdf Graphic file (type pdf)
<use ../PA-Q1-Part I.pdf, page 7>
Package pdftex.def Info: ../PA-Q1-Part I.pdf , page7 used on input line 6.
(pdftex.def)             Requested size: 614.58406pt x 795.3441pt.
File: ../PA-Q1-Part I.pdf Graphic file (type pdf)
<use ../PA-Q1-Part I.pdf, page 7>
Package pdftex.def Info: ../PA-Q1-Part I.pdf , page7 used on input line 6.
(pdftex.def)             Requested size: 614.58406pt x 795.3441pt.
File: ../PA-Q1-Part I.pdf Graphic file (type pdf)
<use ../PA-Q1-Part I.pdf, page 7>
Package pdftex.def Info: ../PA-Q1-Part I.pdf , page7 used on input line 6.
(pdftex.def)             Requested size: 614.58406pt x 795.3441pt.
[7

 <../PA-Q1-Part I.pdf>]

pdfTeX warning: pdflatex (file ../PA-Q1-Part I.pdf): PDF inclusion: found PDF version <1.7>, but at most version <1.5> allowed
<../PA-Q1-Part I.pdf, id=106, page=8, 614.295pt x 794.97pt>
File: ../PA-Q1-Part I.pdf Graphic file (type pdf)
<use ../PA-Q1-Part I.pdf, page 8>
Package pdftex.def Info: ../PA-Q1-Part I.pdf , page8 used on input line 6.
(pdftex.def)             Requested size: 614.58406pt x 795.3441pt.
File: ../PA-Q1-Part I.pdf Graphic file (type pdf)
<use ../PA-Q1-Part I.pdf, page 8>
Package pdftex.def Info: ../PA-Q1-Part I.pdf , page8 used on input line 6.
(pdftex.def)             Requested size: 614.58406pt x 795.3441pt.
File: ../PA-Q1-Part I.pdf Graphic file (type pdf)
<use ../PA-Q1-Part I.pdf, page 8>
Package pdftex.def Info: ../PA-Q1-Part I.pdf , page8 used on input line 6.
(pdftex.def)             Requested size: 614.58406pt x 795.3441pt.
[8

 <../PA-Q1-Part I.pdf>]

pdfTeX warning: pdflatex (file ../PA-Q1-Part I.pdf): PDF inclusion: found PDF version <1.7>, but at most version <1.5> allowed
<../PA-Q1-Part I.pdf, id=112, page=9, 614.295pt x 794.97pt>
File: ../PA-Q1-Part I.pdf Graphic file (type pdf)
<use ../PA-Q1-Part I.pdf, page 9>
Package pdftex.def Info: ../PA-Q1-Part I.pdf , page9 used on input line 6.
(pdftex.def)             Requested size: 614.58406pt x 795.3441pt.
File: ../PA-Q1-Part I.pdf Graphic file (type pdf)
<use ../PA-Q1-Part I.pdf, page 9>
Package pdftex.def Info: ../PA-Q1-Part I.pdf , page9 used on input line 6.
(pdftex.def)             Requested size: 614.58406pt x 795.3441pt.
File: ../PA-Q1-Part I.pdf Graphic file (type pdf)
<use ../PA-Q1-Part I.pdf, page 9>
Package pdftex.def Info: ../PA-Q1-Part I.pdf , page9 used on input line 6.
(pdftex.def)             Requested size: 614.58406pt x 795.3441pt.
[9

 <../PA-Q1-Part I.pdf>]

pdfTeX warning: pdflatex (file ../PA-Q1-Part I.pdf): PDF inclusion: found PDF version <1.7>, but at most version <1.5> allowed
<../PA-Q1-Part I.pdf, id=116, page=10, 614.295pt x 794.97pt>
File: ../PA-Q1-Part I.pdf Graphic file (type pdf)
<use ../PA-Q1-Part I.pdf, page 10>
Package pdftex.def Info: ../PA-Q1-Part I.pdf , page10 used on input line 6.
(pdftex.def)             Requested size: 614.58406pt x 795.3441pt.
File: ../PA-Q1-Part I.pdf Graphic file (type pdf)
<use ../PA-Q1-Part I.pdf, page 10>
Package pdftex.def Info: ../PA-Q1-Part I.pdf , page10 used on input line 6.
(pdftex.def)             Requested size: 614.58406pt x 795.3441pt.
File: ../PA-Q1-Part I.pdf Graphic file (type pdf)
<use ../PA-Q1-Part I.pdf, page 10>
Package pdftex.def Info: ../PA-Q1-Part I.pdf , page10 used on input line 6.
(pdftex.def)             Requested size: 614.58406pt x 795.3441pt.
[10

 <../PA-Q1-Part I.pdf>]

pdfTeX warning: pdflatex (file ../PA-Q1-Part I.pdf): PDF inclusion: found PDF version <1.7>, but at most version <1.5> allowed
<../PA-Q1-Part I.pdf, id=120, page=11, 614.295pt x 794.97pt>
File: ../PA-Q1-Part I.pdf Graphic file (type pdf)
<use ../PA-Q1-Part I.pdf, page 11>
Package pdftex.def Info: ../PA-Q1-Part I.pdf , page11 used on input line 6.
(pdftex.def)             Requested size: 614.58406pt x 795.3441pt.
File: ../PA-Q1-Part I.pdf Graphic file (type pdf)
<use ../PA-Q1-Part I.pdf, page 11>
Package pdftex.def Info: ../PA-Q1-Part I.pdf , page11 used on input line 6.
(pdftex.def)             Requested size: 614.58406pt x 795.3441pt.
File: ../PA-Q1-Part I.pdf Graphic file (type pdf)
<use ../PA-Q1-Part I.pdf, page 11>
Package pdftex.def Info: ../PA-Q1-Part I.pdf , page11 used on input line 6.
(pdftex.def)             Requested size: 614.58406pt x 795.3441pt.
[11

 <../PA-Q1-Part I.pdf>]

pdfTeX warning: pdflatex (file ../PA-Q1-Part I.pdf): PDF inclusion: found PDF version <1.7>, but at most version <1.5> allowed
<../PA-Q1-Part I.pdf, id=124, page=12, 614.295pt x 794.97pt>
File: ../PA-Q1-Part I.pdf Graphic file (type pdf)
<use ../PA-Q1-Part I.pdf, page 12>
Package pdftex.def Info: ../PA-Q1-Part I.pdf , page12 used on input line 6.
(pdftex.def)             Requested size: 614.58406pt x 795.3441pt.
File: ../PA-Q1-Part I.pdf Graphic file (type pdf)
<use ../PA-Q1-Part I.pdf, page 12>
Package pdftex.def Info: ../PA-Q1-Part I.pdf , page12 used on input line 6.
(pdftex.def)             Requested size: 614.58406pt x 795.3441pt.
File: ../PA-Q1-Part I.pdf Graphic file (type pdf)
<use ../PA-Q1-Part I.pdf, page 12>
Package pdftex.def Info: ../PA-Q1-Part I.pdf , page12 used on input line 6.
(pdftex.def)             Requested size: 614.58406pt x 795.3441pt.
[12

 <../PA-Q1-Part I.pdf>]

pdfTeX warning: pdflatex (file ../PA-Q1-Part I.pdf): PDF inclusion: found PDF version <1.7>, but at most version <1.5> allowed
<../PA-Q1-Part I.pdf, id=130, page=13, 614.295pt x 794.97pt>
File: ../PA-Q1-Part I.pdf Graphic file (type pdf)
<use ../PA-Q1-Part I.pdf, page 13>
Package pdftex.def Info: ../PA-Q1-Part I.pdf , page13 used on input line 6.
(pdftex.def)             Requested size: 614.58406pt x 795.3441pt.
File: ../PA-Q1-Part I.pdf Graphic file (type pdf)
<use ../PA-Q1-Part I.pdf, page 13>
Package pdftex.def Info: ../PA-Q1-Part I.pdf , page13 used on input line 6.
(pdftex.def)             Requested size: 614.58406pt x 795.3441pt.
File: ../PA-Q1-Part I.pdf Graphic file (type pdf)
<use ../PA-Q1-Part I.pdf, page 13>
Package pdftex.def Info: ../PA-Q1-Part I.pdf , page13 used on input line 6.
(pdftex.def)             Requested size: 614.58406pt x 795.3441pt.
[13

 <../PA-Q1-Part I.pdf>]

pdfTeX warning: pdflatex (file ../PA-Q1-Part I.pdf): PDF inclusion: found PDF version <1.7>, but at most version <1.5> allowed
<../PA-Q1-Part I.pdf, id=137, page=14, 614.295pt x 794.97pt>
File: ../PA-Q1-Part I.pdf Graphic file (type pdf)
<use ../PA-Q1-Part I.pdf, page 14>
Package pdftex.def Info: ../PA-Q1-Part I.pdf , page14 used on input line 6.
(pdftex.def)             Requested size: 614.58406pt x 795.3441pt.
File: ../PA-Q1-Part I.pdf Graphic file (type pdf)
<use ../PA-Q1-Part I.pdf, page 14>
Package pdftex.def Info: ../PA-Q1-Part I.pdf , page14 used on input line 6.
(pdftex.def)             Requested size: 614.58406pt x 795.3441pt.
File: ../PA-Q1-Part I.pdf Graphic file (type pdf)
<use ../PA-Q1-Part I.pdf, page 14>
Package pdftex.def Info: ../PA-Q1-Part I.pdf , page14 used on input line 6.
(pdftex.def)             Requested size: 614.58406pt x 795.3441pt.
[14

 <../PA-Q1-Part I.pdf>]

pdfTeX warning: pdflatex (file ../PA-Q1-Part I.pdf): PDF inclusion: found PDF version <1.7>, but at most version <1.5> allowed
<../PA-Q1-Part I.pdf, id=155, page=15, 614.295pt x 794.97pt>
File: ../PA-Q1-Part I.pdf Graphic file (type pdf)
<use ../PA-Q1-Part I.pdf, page 15>
Package pdftex.def Info: ../PA-Q1-Part I.pdf , page15 used on input line 6.
(pdftex.def)             Requested size: 614.58406pt x 795.3441pt.
File: ../PA-Q1-Part I.pdf Graphic file (type pdf)
<use ../PA-Q1-Part I.pdf, page 15>
Package pdftex.def Info: ../PA-Q1-Part I.pdf , page15 used on input line 6.
(pdftex.def)             Requested size: 614.58406pt x 795.3441pt.
File: ../PA-Q1-Part I.pdf Graphic file (type pdf)
<use ../PA-Q1-Part I.pdf, page 15>
Package pdftex.def Info: ../PA-Q1-Part I.pdf , page15 used on input line 6.
(pdftex.def)             Requested size: 614.58406pt x 795.3441pt.
[15

 <../PA-Q1-Part I.pdf>]

pdfTeX warning: pdflatex (file ../PA-Q1-Part I.pdf): PDF inclusion: found PDF version <1.7>, but at most version <1.5> allowed
<../PA-Q1-Part I.pdf, id=161, page=16, 614.295pt x 794.97pt>
File: ../PA-Q1-Part I.pdf Graphic file (type pdf)
<use ../PA-Q1-Part I.pdf, page 16>
Package pdftex.def Info: ../PA-Q1-Part I.pdf , page16 used on input line 6.
(pdftex.def)             Requested size: 614.58406pt x 795.3441pt.
File: ../PA-Q1-Part I.pdf Graphic file (type pdf)
<use ../PA-Q1-Part I.pdf, page 16>
Package pdftex.def Info: ../PA-Q1-Part I.pdf , page16 used on input line 6.
(pdftex.def)             Requested size: 614.58406pt x 795.3441pt.
File: ../PA-Q1-Part I.pdf Graphic file (type pdf)
<use ../PA-Q1-Part I.pdf, page 16>
Package pdftex.def Info: ../PA-Q1-Part I.pdf , page16 used on input line 6.
(pdftex.def)             Requested size: 614.58406pt x 795.3441pt.
[16

 <../PA-Q1-Part I.pdf>]

pdfTeX warning: pdflatex (file ../PA-Q1-Part I.pdf): PDF inclusion: found PDF version <1.7>, but at most version <1.5> allowed
<../PA-Q1-Part I.pdf, id=167, page=17, 614.295pt x 794.97pt>
File: ../PA-Q1-Part I.pdf Graphic file (type pdf)
<use ../PA-Q1-Part I.pdf, page 17>
Package pdftex.def Info: ../PA-Q1-Part I.pdf , page17 used on input line 6.
(pdftex.def)             Requested size: 614.58406pt x 795.3441pt.
File: ../PA-Q1-Part I.pdf Graphic file (type pdf)
<use ../PA-Q1-Part I.pdf, page 17>
Package pdftex.def Info: ../PA-Q1-Part I.pdf , page17 used on input line 6.
(pdftex.def)             Requested size: 614.58406pt x 795.3441pt.
File: ../PA-Q1-Part I.pdf Graphic file (type pdf)
<use ../PA-Q1-Part I.pdf, page 17>
Package pdftex.def Info: ../PA-Q1-Part I.pdf , page17 used on input line 6.
(pdftex.def)             Requested size: 614.58406pt x 795.3441pt.
[17

 <../PA-Q1-Part I.pdf>]

pdfTeX warning: pdflatex (file ../PA-Q1-Part I.pdf): PDF inclusion: found PDF version <1.7>, but at most version <1.5> allowed
<../PA-Q1-Part I.pdf, id=171, page=18, 614.295pt x 794.97pt>
File: ../PA-Q1-Part I.pdf Graphic file (type pdf)
<use ../PA-Q1-Part I.pdf, page 18>
Package pdftex.def Info: ../PA-Q1-Part I.pdf , page18 used on input line 6.
(pdftex.def)             Requested size: 614.58406pt x 795.3441pt.
File: ../PA-Q1-Part I.pdf Graphic file (type pdf)
<use ../PA-Q1-Part I.pdf, page 18>
Package pdftex.def Info: ../PA-Q1-Part I.pdf , page18 used on input line 6.
(pdftex.def)             Requested size: 614.58406pt x 795.3441pt.
File: ../PA-Q1-Part I.pdf Graphic file (type pdf)
<use ../PA-Q1-Part I.pdf, page 18>
Package pdftex.def Info: ../PA-Q1-Part I.pdf , page18 used on input line 6.
(pdftex.def)             Requested size: 614.58406pt x 795.3441pt.
[18

 <../PA-Q1-Part I.pdf>]

pdfTeX warning: pdflatex (file ../PA-Q1-Part I.pdf): PDF inclusion: found PDF version <1.7>, but at most version <1.5> allowed
<../PA-Q1-Part I.pdf, id=175, page=19, 614.295pt x 794.97pt>
File: ../PA-Q1-Part I.pdf Graphic file (type pdf)
<use ../PA-Q1-Part I.pdf, page 19>
Package pdftex.def Info: ../PA-Q1-Part I.pdf , page19 used on input line 6.
(pdftex.def)             Requested size: 614.58406pt x 795.3441pt.
File: ../PA-Q1-Part I.pdf Graphic file (type pdf)
<use ../PA-Q1-Part I.pdf, page 19>
Package pdftex.def Info: ../PA-Q1-Part I.pdf , page19 used on input line 6.
(pdftex.def)             Requested size: 614.58406pt x 795.3441pt.
File: ../PA-Q1-Part I.pdf Graphic file (type pdf)
<use ../PA-Q1-Part I.pdf, page 19>
Package pdftex.def Info: ../PA-Q1-Part I.pdf , page19 used on input line 6.
(pdftex.def)             Requested size: 614.58406pt x 795.3441pt.
[19

 <../PA-Q1-Part I.pdf>]

pdfTeX warning: pdflatex (file ../PA-Q1-Part I.pdf): PDF inclusion: found PDF version <1.7>, but at most version <1.5> allowed
<../PA-Q1-Part I.pdf, id=182, page=20, 614.295pt x 794.97pt>
File: ../PA-Q1-Part I.pdf Graphic file (type pdf)
<use ../PA-Q1-Part I.pdf, page 20>
Package pdftex.def Info: ../PA-Q1-Part I.pdf , page20 used on input line 6.
(pdftex.def)             Requested size: 614.58406pt x 795.3441pt.
File: ../PA-Q1-Part I.pdf Graphic file (type pdf)
<use ../PA-Q1-Part I.pdf, page 20>
Package pdftex.def Info: ../PA-Q1-Part I.pdf , page20 used on input line 6.
(pdftex.def)             Requested size: 614.58406pt x 795.3441pt.
File: ../PA-Q1-Part I.pdf Graphic file (type pdf)
<use ../PA-Q1-Part I.pdf, page 20>
Package pdftex.def Info: ../PA-Q1-Part I.pdf , page20 used on input line 6.
(pdftex.def)             Requested size: 614.58406pt x 795.3441pt.
[20

 <../PA-Q1-Part I.pdf>]

pdfTeX warning: pdflatex (file ../PA-Q1-Part I.pdf): PDF inclusion: found PDF version <1.7>, but at most version <1.5> allowed
<../PA-Q1-Part I.pdf, id=188, page=21, 614.295pt x 794.97pt>
File: ../PA-Q1-Part I.pdf Graphic file (type pdf)
<use ../PA-Q1-Part I.pdf, page 21>
Package pdftex.def Info: ../PA-Q1-Part I.pdf , page21 used on input line 6.
(pdftex.def)             Requested size: 614.58406pt x 795.3441pt.
File: ../PA-Q1-Part I.pdf Graphic file (type pdf)
<use ../PA-Q1-Part I.pdf, page 21>
Package pdftex.def Info: ../PA-Q1-Part I.pdf , page21 used on input line 6.
(pdftex.def)             Requested size: 614.58406pt x 795.3441pt.
File: ../PA-Q1-Part I.pdf Graphic file (type pdf)
<use ../PA-Q1-Part I.pdf, page 21>
Package pdftex.def Info: ../PA-Q1-Part I.pdf , page21 used on input line 6.
(pdftex.def)             Requested size: 614.58406pt x 795.3441pt.
[21

 <../PA-Q1-Part I.pdf>]

pdfTeX warning: pdflatex (file ../PA-Q1-Part I.pdf): PDF inclusion: found PDF version <1.7>, but at most version <1.5> allowed
<../PA-Q1-Part I.pdf, id=192, page=22, 614.295pt x 794.97pt>
File: ../PA-Q1-Part I.pdf Graphic file (type pdf)
<use ../PA-Q1-Part I.pdf, page 22>
Package pdftex.def Info: ../PA-Q1-Part I.pdf , page22 used on input line 6.
(pdftex.def)             Requested size: 614.58406pt x 795.3441pt.
File: ../PA-Q1-Part I.pdf Graphic file (type pdf)
<use ../PA-Q1-Part I.pdf, page 22>
Package pdftex.def Info: ../PA-Q1-Part I.pdf , page22 used on input line 6.
(pdftex.def)             Requested size: 614.58406pt x 795.3441pt.
File: ../PA-Q1-Part I.pdf Graphic file (type pdf)
<use ../PA-Q1-Part I.pdf, page 22>
Package pdftex.def Info: ../PA-Q1-Part I.pdf , page22 used on input line 6.
(pdftex.def)             Requested size: 614.58406pt x 795.3441pt.
[22

 <../PA-Q1-Part I.pdf>]

pdfTeX warning: pdflatex (file ../PA-Q1-Part II.pdf): PDF inclusion: found PDF version <1.7>, but at most version <1.5> allowed
<../PA-Q1-Part II.pdf, id=196, 614.295pt x 794.97pt>
File: ../PA-Q1-Part II.pdf Graphic file (type pdf)
<use ../PA-Q1-Part II.pdf>
Package pdftex.def Info: ../PA-Q1-Part II.pdf  used on input line 7.
(pdftex.def)             Requested size: 614.29349pt x 794.96806pt.


pdfTeX warning: pdflatex (file ../PA-Q1-Part II.pdf): PDF inclusion: found PDF version <1.7>, but at most version <1.5> allowed


pdfTeX warning: pdflatex (file ../PA-Q1-Part II.pdf): PDF inclusion: found PDF version <1.7>, but at most version <1.5> allowed
<../PA-Q1-Part II.pdf, id=198, page=1, 614.295pt x 794.97pt>
File: ../PA-Q1-Part II.pdf Graphic file (type pdf)
<use ../PA-Q1-Part II.pdf, page 1>
Package pdftex.def Info: ../PA-Q1-Part II.pdf , page1 used on input line 7.
(pdftex.def)             Requested size: 614.29349pt x 794.96806pt.
File: ../PA-Q1-Part II.pdf Graphic file (type pdf)
<use ../PA-Q1-Part II.pdf, page 1>
Package pdftex.def Info: ../PA-Q1-Part II.pdf , page1 used on input line 7.
(pdftex.def)             Requested size: 614.58406pt x 795.3441pt.
File: ../PA-Q1-Part II.pdf Graphic file (type pdf)
<use ../PA-Q1-Part II.pdf, page 1>
Package pdftex.def Info: ../PA-Q1-Part II.pdf , page1 used on input line 7.
(pdftex.def)             Requested size: 614.58406pt x 795.3441pt.
File: ../PA-Q1-Part II.pdf Graphic file (type pdf)
<use ../PA-Q1-Part II.pdf, page 1>
Package pdftex.def Info: ../PA-Q1-Part II.pdf , page1 used on input line 7.
(pdftex.def)             Requested size: 614.58406pt x 795.3441pt.
File: ../PA-Q1-Part II.pdf Graphic file (type pdf)
<use ../PA-Q1-Part II.pdf, page 1>
Package pdftex.def Info: ../PA-Q1-Part II.pdf , page1 used on input line 7.
(pdftex.def)             Requested size: 614.58406pt x 795.3441pt.
[23

 <../PA-Q1-Part II.pdf>]

pdfTeX warning: pdflatex (file ../PA-Q1-Part II.pdf): PDF inclusion: found PDF version <1.7>, but at most version <1.5> allowed
<../PA-Q1-Part II.pdf, id=259, page=2, 614.295pt x 794.97pt>
File: ../PA-Q1-Part II.pdf Graphic file (type pdf)
<use ../PA-Q1-Part II.pdf, page 2>
Package pdftex.def Info: ../PA-Q1-Part II.pdf , page2 used on input line 7.
(pdftex.def)             Requested size: 614.58406pt x 795.3441pt.
File: ../PA-Q1-Part II.pdf Graphic file (type pdf)
<use ../PA-Q1-Part II.pdf, page 2>
Package pdftex.def Info: ../PA-Q1-Part II.pdf , page2 used on input line 7.
(pdftex.def)             Requested size: 614.58406pt x 795.3441pt.
File: ../PA-Q1-Part II.pdf Graphic file (type pdf)
<use ../PA-Q1-Part II.pdf, page 2>
Package pdftex.def Info: ../PA-Q1-Part II.pdf , page2 used on input line 7.
(pdftex.def)             Requested size: 614.58406pt x 795.3441pt.
[24

 <../PA-Q1-Part II.pdf>]

pdfTeX warning: pdflatex (file ../PA-Q1-Part II.pdf): PDF inclusion: found PDF version <1.7>, but at most version <1.5> allowed
<../PA-Q1-Part II.pdf, id=263, page=3, 614.295pt x 794.97pt>
File: ../PA-Q1-Part II.pdf Graphic file (type pdf)
<use ../PA-Q1-Part II.pdf, page 3>
Package pdftex.def Info: ../PA-Q1-Part II.pdf , page3 used on input line 7.
(pdftex.def)             Requested size: 614.58406pt x 795.3441pt.
File: ../PA-Q1-Part II.pdf Graphic file (type pdf)
<use ../PA-Q1-Part II.pdf, page 3>
Package pdftex.def Info: ../PA-Q1-Part II.pdf , page3 used on input line 7.
(pdftex.def)             Requested size: 614.58406pt x 795.3441pt.
File: ../PA-Q1-Part II.pdf Graphic file (type pdf)
<use ../PA-Q1-Part II.pdf, page 3>
Package pdftex.def Info: ../PA-Q1-Part II.pdf , page3 used on input line 7.
(pdftex.def)             Requested size: 614.58406pt x 795.3441pt.
[25

 <../PA-Q1-Part II.pdf>]

pdfTeX warning: pdflatex (file ../PA-Q1-Part II.pdf): PDF inclusion: found PDF version <1.7>, but at most version <1.5> allowed
<../PA-Q1-Part II.pdf, id=268, page=4, 614.295pt x 794.97pt>
File: ../PA-Q1-Part II.pdf Graphic file (type pdf)
<use ../PA-Q1-Part II.pdf, page 4>
Package pdftex.def Info: ../PA-Q1-Part II.pdf , page4 used on input line 7.
(pdftex.def)             Requested size: 614.58406pt x 795.3441pt.
File: ../PA-Q1-Part II.pdf Graphic file (type pdf)
<use ../PA-Q1-Part II.pdf, page 4>
Package pdftex.def Info: ../PA-Q1-Part II.pdf , page4 used on input line 7.
(pdftex.def)             Requested size: 614.58406pt x 795.3441pt.
File: ../PA-Q1-Part II.pdf Graphic file (type pdf)
<use ../PA-Q1-Part II.pdf, page 4>
Package pdftex.def Info: ../PA-Q1-Part II.pdf , page4 used on input line 7.
(pdftex.def)             Requested size: 614.58406pt x 795.3441pt.
[26

 <../PA-Q1-Part II.pdf>]

pdfTeX warning: pdflatex (file ../PA-Q1-Part II.pdf): PDF inclusion: found PDF version <1.7>, but at most version <1.5> allowed
<../PA-Q1-Part II.pdf, id=272, page=5, 614.295pt x 794.97pt>
File: ../PA-Q1-Part II.pdf Graphic file (type pdf)
<use ../PA-Q1-Part II.pdf, page 5>
Package pdftex.def Info: ../PA-Q1-Part II.pdf , page5 used on input line 7.
(pdftex.def)             Requested size: 614.58406pt x 795.3441pt.
File: ../PA-Q1-Part II.pdf Graphic file (type pdf)
<use ../PA-Q1-Part II.pdf, page 5>
Package pdftex.def Info: ../PA-Q1-Part II.pdf , page5 used on input line 7.
(pdftex.def)             Requested size: 614.58406pt x 795.3441pt.
File: ../PA-Q1-Part II.pdf Graphic file (type pdf)
<use ../PA-Q1-Part II.pdf, page 5>
Package pdftex.def Info: ../PA-Q1-Part II.pdf , page5 used on input line 7.
(pdftex.def)             Requested size: 614.58406pt x 795.3441pt.
[27

 <../PA-Q1-Part II.pdf>]

pdfTeX warning: pdflatex (file ../PA-Q1-Part II.pdf): PDF inclusion: found PDF version <1.7>, but at most version <1.5> allowed
<../PA-Q1-Part II.pdf, id=283, page=6, 614.295pt x 794.97pt>
File: ../PA-Q1-Part II.pdf Graphic file (type pdf)
<use ../PA-Q1-Part II.pdf, page 6>
Package pdftex.def Info: ../PA-Q1-Part II.pdf , page6 used on input line 7.
(pdftex.def)             Requested size: 614.58406pt x 795.3441pt.
File: ../PA-Q1-Part II.pdf Graphic file (type pdf)
<use ../PA-Q1-Part II.pdf, page 6>
Package pdftex.def Info: ../PA-Q1-Part II.pdf , page6 used on input line 7.
(pdftex.def)             Requested size: 614.58406pt x 795.3441pt.
File: ../PA-Q1-Part II.pdf Graphic file (type pdf)
<use ../PA-Q1-Part II.pdf, page 6>
Package pdftex.def Info: ../PA-Q1-Part II.pdf , page6 used on input line 7.
(pdftex.def)             Requested size: 614.58406pt x 795.3441pt.
[28

 <../PA-Q1-Part II.pdf>]

pdfTeX warning: pdflatex (file ../PA-Q1-Part II.pdf): PDF inclusion: found PDF version <1.7>, but at most version <1.5> allowed
<../PA-Q1-Part II.pdf, id=294, page=7, 614.295pt x 794.97pt>
File: ../PA-Q1-Part II.pdf Graphic file (type pdf)
<use ../PA-Q1-Part II.pdf, page 7>
Package pdftex.def Info: ../PA-Q1-Part II.pdf , page7 used on input line 7.
(pdftex.def)             Requested size: 614.58406pt x 795.3441pt.
File: ../PA-Q1-Part II.pdf Graphic file (type pdf)
<use ../PA-Q1-Part II.pdf, page 7>
Package pdftex.def Info: ../PA-Q1-Part II.pdf , page7 used on input line 7.
(pdftex.def)             Requested size: 614.58406pt x 795.3441pt.
File: ../PA-Q1-Part II.pdf Graphic file (type pdf)
<use ../PA-Q1-Part II.pdf, page 7>
Package pdftex.def Info: ../PA-Q1-Part II.pdf , page7 used on input line 7.
(pdftex.def)             Requested size: 614.58406pt x 795.3441pt.
[29

 <../PA-Q1-Part II.pdf>]

pdfTeX warning: pdflatex (file ../PA-Q1-Part II.pdf): PDF inclusion: found PDF version <1.7>, but at most version <1.5> allowed
<../PA-Q1-Part II.pdf, id=300, page=8, 614.295pt x 794.97pt>
File: ../PA-Q1-Part II.pdf Graphic file (type pdf)
<use ../PA-Q1-Part II.pdf, page 8>
Package pdftex.def Info: ../PA-Q1-Part II.pdf , page8 used on input line 7.
(pdftex.def)             Requested size: 614.58406pt x 795.3441pt.
File: ../PA-Q1-Part II.pdf Graphic file (type pdf)
<use ../PA-Q1-Part II.pdf, page 8>
Package pdftex.def Info: ../PA-Q1-Part II.pdf , page8 used on input line 7.
(pdftex.def)             Requested size: 614.58406pt x 795.3441pt.
File: ../PA-Q1-Part II.pdf Graphic file (type pdf)
<use ../PA-Q1-Part II.pdf, page 8>
Package pdftex.def Info: ../PA-Q1-Part II.pdf , page8 used on input line 7.
(pdftex.def)             Requested size: 614.58406pt x 795.3441pt.
[30

 <../PA-Q1-Part II.pdf>]

pdfTeX warning: pdflatex (file ../PA-Q1-Part II.pdf): PDF inclusion: found PDF version <1.7>, but at most version <1.5> allowed
<../PA-Q1-Part II.pdf, id=304, page=9, 614.295pt x 794.97pt>
File: ../PA-Q1-Part II.pdf Graphic file (type pdf)
<use ../PA-Q1-Part II.pdf, page 9>
Package pdftex.def Info: ../PA-Q1-Part II.pdf , page9 used on input line 7.
(pdftex.def)             Requested size: 614.58406pt x 795.3441pt.
File: ../PA-Q1-Part II.pdf Graphic file (type pdf)
<use ../PA-Q1-Part II.pdf, page 9>
Package pdftex.def Info: ../PA-Q1-Part II.pdf , page9 used on input line 7.
(pdftex.def)             Requested size: 614.58406pt x 795.3441pt.
File: ../PA-Q1-Part II.pdf Graphic file (type pdf)
<use ../PA-Q1-Part II.pdf, page 9>
Package pdftex.def Info: ../PA-Q1-Part II.pdf , page9 used on input line 7.
(pdftex.def)             Requested size: 614.58406pt x 795.3441pt.
[31

 <../PA-Q1-Part II.pdf>]

pdfTeX warning: pdflatex (file ../PA-Q1-Part II.pdf): PDF inclusion: found PDF version <1.7>, but at most version <1.5> allowed
<../PA-Q1-Part II.pdf, id=309, page=10, 614.295pt x 794.97pt>
File: ../PA-Q1-Part II.pdf Graphic file (type pdf)
<use ../PA-Q1-Part II.pdf, page 10>
Package pdftex.def Info: ../PA-Q1-Part II.pdf , page10 used on input line 7.
(pdftex.def)             Requested size: 614.58406pt x 795.3441pt.
File: ../PA-Q1-Part II.pdf Graphic file (type pdf)
<use ../PA-Q1-Part II.pdf, page 10>
Package pdftex.def Info: ../PA-Q1-Part II.pdf , page10 used on input line 7.
(pdftex.def)             Requested size: 614.58406pt x 795.3441pt.
File: ../PA-Q1-Part II.pdf Graphic file (type pdf)
<use ../PA-Q1-Part II.pdf, page 10>
Package pdftex.def Info: ../PA-Q1-Part II.pdf , page10 used on input line 7.
(pdftex.def)             Requested size: 614.58406pt x 795.3441pt.
[32

 <../PA-Q1-Part II.pdf>]

pdfTeX warning: pdflatex (file ../PA-Q1-Part II.pdf): PDF inclusion: found PDF version <1.7>, but at most version <1.5> allowed
<../PA-Q1-Part II.pdf, id=313, page=11, 614.295pt x 794.97pt>
File: ../PA-Q1-Part II.pdf Graphic file (type pdf)
<use ../PA-Q1-Part II.pdf, page 11>
Package pdftex.def Info: ../PA-Q1-Part II.pdf , page11 used on input line 7.
(pdftex.def)             Requested size: 614.58406pt x 795.3441pt.
File: ../PA-Q1-Part II.pdf Graphic file (type pdf)
<use ../PA-Q1-Part II.pdf, page 11>
Package pdftex.def Info: ../PA-Q1-Part II.pdf , page11 used on input line 7.
(pdftex.def)             Requested size: 614.58406pt x 795.3441pt.
File: ../PA-Q1-Part II.pdf Graphic file (type pdf)
<use ../PA-Q1-Part II.pdf, page 11>
Package pdftex.def Info: ../PA-Q1-Part II.pdf , page11 used on input line 7.
(pdftex.def)             Requested size: 614.58406pt x 795.3441pt.
[33

 <../PA-Q1-Part II.pdf>]

pdfTeX warning: pdflatex (file ../PA-Q1-Part II.pdf): PDF inclusion: found PDF version <1.7>, but at most version <1.5> allowed
<../PA-Q1-Part II.pdf, id=319, page=12, 614.295pt x 794.97pt>
File: ../PA-Q1-Part II.pdf Graphic file (type pdf)
<use ../PA-Q1-Part II.pdf, page 12>
Package pdftex.def Info: ../PA-Q1-Part II.pdf , page12 used on input line 7.
(pdftex.def)             Requested size: 614.58406pt x 795.3441pt.
File: ../PA-Q1-Part II.pdf Graphic file (type pdf)
<use ../PA-Q1-Part II.pdf, page 12>
Package pdftex.def Info: ../PA-Q1-Part II.pdf , page12 used on input line 7.
(pdftex.def)             Requested size: 614.58406pt x 795.3441pt.
File: ../PA-Q1-Part II.pdf Graphic file (type pdf)
<use ../PA-Q1-Part II.pdf, page 12>
Package pdftex.def Info: ../PA-Q1-Part II.pdf , page12 used on input line 7.
(pdftex.def)             Requested size: 614.58406pt x 795.3441pt.
[34

 <../PA-Q1-Part II.pdf>]

pdfTeX warning: pdflatex (file ../PA-Q1-Part II.pdf): PDF inclusion: found PDF version <1.7>, but at most version <1.5> allowed
<../PA-Q1-Part II.pdf, id=323, page=13, 614.295pt x 794.97pt>
File: ../PA-Q1-Part II.pdf Graphic file (type pdf)
<use ../PA-Q1-Part II.pdf, page 13>
Package pdftex.def Info: ../PA-Q1-Part II.pdf , page13 used on input line 7.
(pdftex.def)             Requested size: 614.58406pt x 795.3441pt.
File: ../PA-Q1-Part II.pdf Graphic file (type pdf)
<use ../PA-Q1-Part II.pdf, page 13>
Package pdftex.def Info: ../PA-Q1-Part II.pdf , page13 used on input line 7.
(pdftex.def)             Requested size: 614.58406pt x 795.3441pt.
File: ../PA-Q1-Part II.pdf Graphic file (type pdf)
<use ../PA-Q1-Part II.pdf, page 13>
Package pdftex.def Info: ../PA-Q1-Part II.pdf , page13 used on input line 7.
(pdftex.def)             Requested size: 614.58406pt x 795.3441pt.
[35

 <../PA-Q1-Part II.pdf>]

pdfTeX warning: pdflatex (file ../PA-Q1-Part II.pdf): PDF inclusion: found PDF version <1.7>, but at most version <1.5> allowed
<../PA-Q1-Part II.pdf, id=329, page=14, 614.295pt x 794.97pt>
File: ../PA-Q1-Part II.pdf Graphic file (type pdf)
<use ../PA-Q1-Part II.pdf, page 14>
Package pdftex.def Info: ../PA-Q1-Part II.pdf , page14 used on input line 7.
(pdftex.def)             Requested size: 614.58406pt x 795.3441pt.
File: ../PA-Q1-Part II.pdf Graphic file (type pdf)
<use ../PA-Q1-Part II.pdf, page 14>
Package pdftex.def Info: ../PA-Q1-Part II.pdf , page14 used on input line 7.
(pdftex.def)             Requested size: 614.58406pt x 795.3441pt.
File: ../PA-Q1-Part II.pdf Graphic file (type pdf)
<use ../PA-Q1-Part II.pdf, page 14>
Package pdftex.def Info: ../PA-Q1-Part II.pdf , page14 used on input line 7.
(pdftex.def)             Requested size: 614.58406pt x 795.3441pt.
[36

 <../PA-Q1-Part II.pdf>]

pdfTeX warning: pdflatex (file ../PA-Q1-Part II.pdf): PDF inclusion: found PDF version <1.7>, but at most version <1.5> allowed
<../PA-Q1-Part II.pdf, id=335, page=15, 614.295pt x 794.97pt>
File: ../PA-Q1-Part II.pdf Graphic file (type pdf)
<use ../PA-Q1-Part II.pdf, page 15>
Package pdftex.def Info: ../PA-Q1-Part II.pdf , page15 used on input line 7.
(pdftex.def)             Requested size: 614.58406pt x 795.3441pt.
File: ../PA-Q1-Part II.pdf Graphic file (type pdf)
<use ../PA-Q1-Part II.pdf, page 15>
Package pdftex.def Info: ../PA-Q1-Part II.pdf , page15 used on input line 7.
(pdftex.def)             Requested size: 614.58406pt x 795.3441pt.
File: ../PA-Q1-Part II.pdf Graphic file (type pdf)
<use ../PA-Q1-Part II.pdf, page 15>
Package pdftex.def Info: ../PA-Q1-Part II.pdf , page15 used on input line 7.
(pdftex.def)             Requested size: 614.58406pt x 795.3441pt.
[37

 <../PA-Q1-Part II.pdf>]

pdfTeX warning: pdflatex (file ../PA-Q1-Part II.pdf): PDF inclusion: found PDF version <1.7>, but at most version <1.5> allowed
<../PA-Q1-Part II.pdf, id=340, page=16, 614.295pt x 794.97pt>
File: ../PA-Q1-Part II.pdf Graphic file (type pdf)
<use ../PA-Q1-Part II.pdf, page 16>
Package pdftex.def Info: ../PA-Q1-Part II.pdf , page16 used on input line 7.
(pdftex.def)             Requested size: 614.58406pt x 795.3441pt.
File: ../PA-Q1-Part II.pdf Graphic file (type pdf)
<use ../PA-Q1-Part II.pdf, page 16>
Package pdftex.def Info: ../PA-Q1-Part II.pdf , page16 used on input line 7.
(pdftex.def)             Requested size: 614.58406pt x 795.3441pt.
File: ../PA-Q1-Part II.pdf Graphic file (type pdf)
<use ../PA-Q1-Part II.pdf, page 16>
Package pdftex.def Info: ../PA-Q1-Part II.pdf , page16 used on input line 7.
(pdftex.def)             Requested size: 614.58406pt x 795.3441pt.
[38

 <../PA-Q1-Part II.pdf>]

pdfTeX warning: pdflatex (file ../PA-Q1-Part II.pdf): PDF inclusion: found PDF version <1.7>, but at most version <1.5> allowed
<../PA-Q1-Part II.pdf, id=346, page=17, 614.295pt x 794.97pt>
File: ../PA-Q1-Part II.pdf Graphic file (type pdf)
<use ../PA-Q1-Part II.pdf, page 17>
Package pdftex.def Info: ../PA-Q1-Part II.pdf , page17 used on input line 7.
(pdftex.def)             Requested size: 614.58406pt x 795.3441pt.
File: ../PA-Q1-Part II.pdf Graphic file (type pdf)
<use ../PA-Q1-Part II.pdf, page 17>
Package pdftex.def Info: ../PA-Q1-Part II.pdf , page17 used on input line 7.
(pdftex.def)             Requested size: 614.58406pt x 795.3441pt.
File: ../PA-Q1-Part II.pdf Graphic file (type pdf)
<use ../PA-Q1-Part II.pdf, page 17>
Package pdftex.def Info: ../PA-Q1-Part II.pdf , page17 used on input line 7.
(pdftex.def)             Requested size: 614.58406pt x 795.3441pt.
[39

 <../PA-Q1-Part II.pdf>]

pdfTeX warning: pdflatex (file ../PA-Q1-Part II.pdf): PDF inclusion: found PDF version <1.7>, but at most version <1.5> allowed
<../PA-Q1-Part II.pdf, id=350, page=18, 614.295pt x 794.97pt>
File: ../PA-Q1-Part II.pdf Graphic file (type pdf)
<use ../PA-Q1-Part II.pdf, page 18>
Package pdftex.def Info: ../PA-Q1-Part II.pdf , page18 used on input line 7.
(pdftex.def)             Requested size: 614.58406pt x 795.3441pt.
File: ../PA-Q1-Part II.pdf Graphic file (type pdf)
<use ../PA-Q1-Part II.pdf, page 18>
Package pdftex.def Info: ../PA-Q1-Part II.pdf , page18 used on input line 7.
(pdftex.def)             Requested size: 614.58406pt x 795.3441pt.
File: ../PA-Q1-Part II.pdf Graphic file (type pdf)
<use ../PA-Q1-Part II.pdf, page 18>
Package pdftex.def Info: ../PA-Q1-Part II.pdf , page18 used on input line 7.
(pdftex.def)             Requested size: 614.58406pt x 795.3441pt.
[40

 <../PA-Q1-Part II.pdf>]

pdfTeX warning: pdflatex (file ../PA-Q1-Part II.pdf): PDF inclusion: found PDF version <1.7>, but at most version <1.5> allowed
<../PA-Q1-Part II.pdf, id=356, page=19, 614.295pt x 794.97pt>
File: ../PA-Q1-Part II.pdf Graphic file (type pdf)
<use ../PA-Q1-Part II.pdf, page 19>
Package pdftex.def Info: ../PA-Q1-Part II.pdf , page19 used on input line 7.
(pdftex.def)             Requested size: 614.58406pt x 795.3441pt.
File: ../PA-Q1-Part II.pdf Graphic file (type pdf)
<use ../PA-Q1-Part II.pdf, page 19>
Package pdftex.def Info: ../PA-Q1-Part II.pdf , page19 used on input line 7.
(pdftex.def)             Requested size: 614.58406pt x 795.3441pt.
File: ../PA-Q1-Part II.pdf Graphic file (type pdf)
<use ../PA-Q1-Part II.pdf, page 19>
Package pdftex.def Info: ../PA-Q1-Part II.pdf , page19 used on input line 7.
(pdftex.def)             Requested size: 614.58406pt x 795.3441pt.
[41

 <../PA-Q1-Part II.pdf>]

pdfTeX warning: pdflatex (file ../PA-Q1-Part II.pdf): PDF inclusion: found PDF version <1.7>, but at most version <1.5> allowed
<../PA-Q1-Part II.pdf, id=360, page=20, 614.295pt x 794.97pt>
File: ../PA-Q1-Part II.pdf Graphic file (type pdf)
<use ../PA-Q1-Part II.pdf, page 20>
Package pdftex.def Info: ../PA-Q1-Part II.pdf , page20 used on input line 7.
(pdftex.def)             Requested size: 614.58406pt x 795.3441pt.
File: ../PA-Q1-Part II.pdf Graphic file (type pdf)
<use ../PA-Q1-Part II.pdf, page 20>
Package pdftex.def Info: ../PA-Q1-Part II.pdf , page20 used on input line 7.
(pdftex.def)             Requested size: 614.58406pt x 795.3441pt.
File: ../PA-Q1-Part II.pdf Graphic file (type pdf)
<use ../PA-Q1-Part II.pdf, page 20>
Package pdftex.def Info: ../PA-Q1-Part II.pdf , page20 used on input line 7.
(pdftex.def)             Requested size: 614.58406pt x 795.3441pt.
[42

 <../PA-Q1-Part II.pdf>]

pdfTeX warning: pdflatex (file ../PA-Q1-Part II.pdf): PDF inclusion: found PDF version <1.7>, but at most version <1.5> allowed
<../PA-Q1-Part II.pdf, id=364, page=21, 614.295pt x 794.97pt>
File: ../PA-Q1-Part II.pdf Graphic file (type pdf)
<use ../PA-Q1-Part II.pdf, page 21>
Package pdftex.def Info: ../PA-Q1-Part II.pdf , page21 used on input line 7.
(pdftex.def)             Requested size: 614.58406pt x 795.3441pt.
File: ../PA-Q1-Part II.pdf Graphic file (type pdf)
<use ../PA-Q1-Part II.pdf, page 21>
Package pdftex.def Info: ../PA-Q1-Part II.pdf , page21 used on input line 7.
(pdftex.def)             Requested size: 614.58406pt x 795.3441pt.
File: ../PA-Q1-Part II.pdf Graphic file (type pdf)
<use ../PA-Q1-Part II.pdf, page 21>
Package pdftex.def Info: ../PA-Q1-Part II.pdf , page21 used on input line 7.
(pdftex.def)             Requested size: 614.58406pt x 795.3441pt.
[43

 <../PA-Q1-Part II.pdf>]

pdfTeX warning: pdflatex (file ../PA-Q1-Part II.pdf): PDF inclusion: found PDF version <1.7>, but at most version <1.5> allowed
<../PA-Q1-Part II.pdf, id=369, page=22, 614.295pt x 794.97pt>
File: ../PA-Q1-Part II.pdf Graphic file (type pdf)
<use ../PA-Q1-Part II.pdf, page 22>
Package pdftex.def Info: ../PA-Q1-Part II.pdf , page22 used on input line 7.
(pdftex.def)             Requested size: 614.58406pt x 795.3441pt.
File: ../PA-Q1-Part II.pdf Graphic file (type pdf)
<use ../PA-Q1-Part II.pdf, page 22>
Package pdftex.def Info: ../PA-Q1-Part II.pdf , page22 used on input line 7.
(pdftex.def)             Requested size: 614.58406pt x 795.3441pt.
File: ../PA-Q1-Part II.pdf Graphic file (type pdf)
<use ../PA-Q1-Part II.pdf, page 22>
Package pdftex.def Info: ../PA-Q1-Part II.pdf , page22 used on input line 7.
(pdftex.def)             Requested size: 614.58406pt x 795.3441pt.
[44

 <../PA-Q1-Part II.pdf>]

pdfTeX warning: pdflatex (file ../PA-Q1-Part III.pdf): PDF inclusion: found PDF version <1.7>, but at most version <1.5> allowed
<../PA-Q1-Part III.pdf, id=373, 614.295pt x 794.97pt>
File: ../PA-Q1-Part III.pdf Graphic file (type pdf)
<use ../PA-Q1-Part III.pdf>
Package pdftex.def Info: ../PA-Q1-Part III.pdf  used on input line 8.
(pdftex.def)             Requested size: 614.29349pt x 794.96806pt.


pdfTeX warning: pdflatex (file ../PA-Q1-Part III.pdf): PDF inclusion: found PDF version <1.7>, but at most version <1.5> allowed


pdfTeX warning: pdflatex (file ../PA-Q1-Part III.pdf): PDF inclusion: found PDF version <1.7>, but at most version <1.5> allowed
<../PA-Q1-Part III.pdf, id=375, page=1, 614.295pt x 794.97pt>
File: ../PA-Q1-Part III.pdf Graphic file (type pdf)
<use ../PA-Q1-Part III.pdf, page 1>
Package pdftex.def Info: ../PA-Q1-Part III.pdf , page1 used on input line 8.
(pdftex.def)             Requested size: 614.29349pt x 794.96806pt.
File: ../PA-Q1-Part III.pdf Graphic file (type pdf)
<use ../PA-Q1-Part III.pdf, page 1>
Package pdftex.def Info: ../PA-Q1-Part III.pdf , page1 used on input line 8.
(pdftex.def)             Requested size: 614.58406pt x 795.3441pt.
File: ../PA-Q1-Part III.pdf Graphic file (type pdf)
<use ../PA-Q1-Part III.pdf, page 1>
Package pdftex.def Info: ../PA-Q1-Part III.pdf , page1 used on input line 8.
(pdftex.def)             Requested size: 614.58406pt x 795.3441pt.
File: ../PA-Q1-Part III.pdf Graphic file (type pdf)
<use ../PA-Q1-Part III.pdf, page 1>
Package pdftex.def Info: ../PA-Q1-Part III.pdf , page1 used on input line 8.
(pdftex.def)             Requested size: 614.58406pt x 795.3441pt.
File: ../PA-Q1-Part III.pdf Graphic file (type pdf)
<use ../PA-Q1-Part III.pdf, page 1>
Package pdftex.def Info: ../PA-Q1-Part III.pdf , page1 used on input line 8.
(pdftex.def)             Requested size: 614.58406pt x 795.3441pt.
[45

 <../PA-Q1-Part III.pdf>]

pdfTeX warning: pdflatex (file ../PA-Q1-Part III.pdf): PDF inclusion: found PDF version <1.7>, but at most version <1.5> allowed
<../PA-Q1-Part III.pdf, id=443, page=2, 614.295pt x 794.97pt>
File: ../PA-Q1-Part III.pdf Graphic file (type pdf)
<use ../PA-Q1-Part III.pdf, page 2>
Package pdftex.def Info: ../PA-Q1-Part III.pdf , page2 used on input line 8.
(pdftex.def)             Requested size: 614.58406pt x 795.3441pt.
File: ../PA-Q1-Part III.pdf Graphic file (type pdf)
<use ../PA-Q1-Part III.pdf, page 2>
Package pdftex.def Info: ../PA-Q1-Part III.pdf , page2 used on input line 8.
(pdftex.def)             Requested size: 614.58406pt x 795.3441pt.
File: ../PA-Q1-Part III.pdf Graphic file (type pdf)
<use ../PA-Q1-Part III.pdf, page 2>
Package pdftex.def Info: ../PA-Q1-Part III.pdf , page2 used on input line 8.
(pdftex.def)             Requested size: 614.58406pt x 795.3441pt.
[46

 <../PA-Q1-Part III.pdf>]

pdfTeX warning: pdflatex (file ../PA-Q1-Part III.pdf): PDF inclusion: found PDF version <1.7>, but at most version <1.5> allowed
<../PA-Q1-Part III.pdf, id=454, page=3, 614.295pt x 794.97pt>
File: ../PA-Q1-Part III.pdf Graphic file (type pdf)
<use ../PA-Q1-Part III.pdf, page 3>
Package pdftex.def Info: ../PA-Q1-Part III.pdf , page3 used on input line 8.
(pdftex.def)             Requested size: 614.58406pt x 795.3441pt.
File: ../PA-Q1-Part III.pdf Graphic file (type pdf)
<use ../PA-Q1-Part III.pdf, page 3>
Package pdftex.def Info: ../PA-Q1-Part III.pdf , page3 used on input line 8.
(pdftex.def)             Requested size: 614.58406pt x 795.3441pt.
File: ../PA-Q1-Part III.pdf Graphic file (type pdf)
<use ../PA-Q1-Part III.pdf, page 3>
Package pdftex.def Info: ../PA-Q1-Part III.pdf , page3 used on input line 8.
(pdftex.def)             Requested size: 614.58406pt x 795.3441pt.
[47

 <../PA-Q1-Part III.pdf>]

pdfTeX warning: pdflatex (file ../PA-Q1-Part III.pdf): PDF inclusion: found PDF version <1.7>, but at most version <1.5> allowed
<../PA-Q1-Part III.pdf, id=458, page=4, 614.295pt x 794.97pt>
File: ../PA-Q1-Part III.pdf Graphic file (type pdf)
<use ../PA-Q1-Part III.pdf, page 4>
Package pdftex.def Info: ../PA-Q1-Part III.pdf , page4 used on input line 8.
(pdftex.def)             Requested size: 614.58406pt x 795.3441pt.
File: ../PA-Q1-Part III.pdf Graphic file (type pdf)
<use ../PA-Q1-Part III.pdf, page 4>
Package pdftex.def Info: ../PA-Q1-Part III.pdf , page4 used on input line 8.
(pdftex.def)             Requested size: 614.58406pt x 795.3441pt.
File: ../PA-Q1-Part III.pdf Graphic file (type pdf)
<use ../PA-Q1-Part III.pdf, page 4>
Package pdftex.def Info: ../PA-Q1-Part III.pdf , page4 used on input line 8.
(pdftex.def)             Requested size: 614.58406pt x 795.3441pt.
[48

 <../PA-Q1-Part III.pdf>]

pdfTeX warning: pdflatex (file ../PA-Q1-Part III.pdf): PDF inclusion: found PDF version <1.7>, but at most version <1.5> allowed
<../PA-Q1-Part III.pdf, id=462, page=5, 614.295pt x 794.97pt>
File: ../PA-Q1-Part III.pdf Graphic file (type pdf)
<use ../PA-Q1-Part III.pdf, page 5>
Package pdftex.def Info: ../PA-Q1-Part III.pdf , page5 used on input line 8.
(pdftex.def)             Requested size: 614.58406pt x 795.3441pt.
File: ../PA-Q1-Part III.pdf Graphic file (type pdf)
<use ../PA-Q1-Part III.pdf, page 5>
Package pdftex.def Info: ../PA-Q1-Part III.pdf , page5 used on input line 8.
(pdftex.def)             Requested size: 614.58406pt x 795.3441pt.
File: ../PA-Q1-Part III.pdf Graphic file (type pdf)
<use ../PA-Q1-Part III.pdf, page 5>
Package pdftex.def Info: ../PA-Q1-Part III.pdf , page5 used on input line 8.
(pdftex.def)             Requested size: 614.58406pt x 795.3441pt.
[49

 <../PA-Q1-Part III.pdf>]

pdfTeX warning: pdflatex (file ../PA-Q1-Part III.pdf): PDF inclusion: found PDF version <1.7>, but at most version <1.5> allowed
<../PA-Q1-Part III.pdf, id=467, page=6, 614.295pt x 794.97pt>
File: ../PA-Q1-Part III.pdf Graphic file (type pdf)
<use ../PA-Q1-Part III.pdf, page 6>
Package pdftex.def Info: ../PA-Q1-Part III.pdf , page6 used on input line 8.
(pdftex.def)             Requested size: 614.58406pt x 795.3441pt.
File: ../PA-Q1-Part III.pdf Graphic file (type pdf)
<use ../PA-Q1-Part III.pdf, page 6>
Package pdftex.def Info: ../PA-Q1-Part III.pdf , page6 used on input line 8.
(pdftex.def)             Requested size: 614.58406pt x 795.3441pt.
File: ../PA-Q1-Part III.pdf Graphic file (type pdf)
<use ../PA-Q1-Part III.pdf, page 6>
Package pdftex.def Info: ../PA-Q1-Part III.pdf , page6 used on input line 8.
(pdftex.def)             Requested size: 614.58406pt x 795.3441pt.
[50

 <../PA-Q1-Part III.pdf>]

pdfTeX warning: pdflatex (file ../PA-Q1-Part III.pdf): PDF inclusion: found PDF version <1.7>, but at most version <1.5> allowed
<../PA-Q1-Part III.pdf, id=471, page=7, 614.295pt x 794.97pt>
File: ../PA-Q1-Part III.pdf Graphic file (type pdf)
<use ../PA-Q1-Part III.pdf, page 7>
Package pdftex.def Info: ../PA-Q1-Part III.pdf , page7 used on input line 8.
(pdftex.def)             Requested size: 614.58406pt x 795.3441pt.
File: ../PA-Q1-Part III.pdf Graphic file (type pdf)
<use ../PA-Q1-Part III.pdf, page 7>
Package pdftex.def Info: ../PA-Q1-Part III.pdf , page7 used on input line 8.
(pdftex.def)             Requested size: 614.58406pt x 795.3441pt.
File: ../PA-Q1-Part III.pdf Graphic file (type pdf)
<use ../PA-Q1-Part III.pdf, page 7>
Package pdftex.def Info: ../PA-Q1-Part III.pdf , page7 used on input line 8.
(pdftex.def)             Requested size: 614.58406pt x 795.3441pt.
[51

 <../PA-Q1-Part III.pdf>]

pdfTeX warning: pdflatex (file ../PA-Q1-Part III.pdf): PDF inclusion: found PDF version <1.7>, but at most version <1.5> allowed
<../PA-Q1-Part III.pdf, id=475, page=8, 614.295pt x 794.97pt>
File: ../PA-Q1-Part III.pdf Graphic file (type pdf)
<use ../PA-Q1-Part III.pdf, page 8>
Package pdftex.def Info: ../PA-Q1-Part III.pdf , page8 used on input line 8.
(pdftex.def)             Requested size: 614.58406pt x 795.3441pt.
File: ../PA-Q1-Part III.pdf Graphic file (type pdf)
<use ../PA-Q1-Part III.pdf, page 8>
Package pdftex.def Info: ../PA-Q1-Part III.pdf , page8 used on input line 8.
(pdftex.def)             Requested size: 614.58406pt x 795.3441pt.
File: ../PA-Q1-Part III.pdf Graphic file (type pdf)
<use ../PA-Q1-Part III.pdf, page 8>
Package pdftex.def Info: ../PA-Q1-Part III.pdf , page8 used on input line 8.
(pdftex.def)             Requested size: 614.58406pt x 795.3441pt.
[52

 <../PA-Q1-Part III.pdf>]

pdfTeX warning: pdflatex (file ../PA-Q1-Part III.pdf): PDF inclusion: found PDF version <1.7>, but at most version <1.5> allowed
<../PA-Q1-Part III.pdf, id=479, page=9, 614.295pt x 794.97pt>
File: ../PA-Q1-Part III.pdf Graphic file (type pdf)
<use ../PA-Q1-Part III.pdf, page 9>
Package pdftex.def Info: ../PA-Q1-Part III.pdf , page9 used on input line 8.
(pdftex.def)             Requested size: 614.58406pt x 795.3441pt.
File: ../PA-Q1-Part III.pdf Graphic file (type pdf)
<use ../PA-Q1-Part III.pdf, page 9>
Package pdftex.def Info: ../PA-Q1-Part III.pdf , page9 used on input line 8.
(pdftex.def)             Requested size: 614.58406pt x 795.3441pt.
File: ../PA-Q1-Part III.pdf Graphic file (type pdf)
<use ../PA-Q1-Part III.pdf, page 9>
Package pdftex.def Info: ../PA-Q1-Part III.pdf , page9 used on input line 8.
(pdftex.def)             Requested size: 614.58406pt x 795.3441pt.
[53

 <../PA-Q1-Part III.pdf>]

pdfTeX warning: pdflatex (file ../PA-Q1-Part III.pdf): PDF inclusion: found PDF version <1.7>, but at most version <1.5> allowed
<../PA-Q1-Part III.pdf, id=483, page=10, 614.295pt x 794.97pt>
File: ../PA-Q1-Part III.pdf Graphic file (type pdf)
<use ../PA-Q1-Part III.pdf, page 10>
Package pdftex.def Info: ../PA-Q1-Part III.pdf , page10 used on input line 8.
(pdftex.def)             Requested size: 614.58406pt x 795.3441pt.
File: ../PA-Q1-Part III.pdf Graphic file (type pdf)
<use ../PA-Q1-Part III.pdf, page 10>
Package pdftex.def Info: ../PA-Q1-Part III.pdf , page10 used on input line 8.
(pdftex.def)             Requested size: 614.58406pt x 795.3441pt.
File: ../PA-Q1-Part III.pdf Graphic file (type pdf)
<use ../PA-Q1-Part III.pdf, page 10>
Package pdftex.def Info: ../PA-Q1-Part III.pdf , page10 used on input line 8.
(pdftex.def)             Requested size: 614.58406pt x 795.3441pt.
[54

 <../PA-Q1-Part III.pdf>]

pdfTeX warning: pdflatex (file ../PA-Q1-Part III.pdf): PDF inclusion: found PDF version <1.7>, but at most version <1.5> allowed
<../PA-Q1-Part III.pdf, id=487, page=11, 614.295pt x 794.97pt>
File: ../PA-Q1-Part III.pdf Graphic file (type pdf)
<use ../PA-Q1-Part III.pdf, page 11>
Package pdftex.def Info: ../PA-Q1-Part III.pdf , page11 used on input line 8.
(pdftex.def)             Requested size: 614.58406pt x 795.3441pt.
File: ../PA-Q1-Part III.pdf Graphic file (type pdf)
<use ../PA-Q1-Part III.pdf, page 11>
Package pdftex.def Info: ../PA-Q1-Part III.pdf , page11 used on input line 8.
(pdftex.def)             Requested size: 614.58406pt x 795.3441pt.
File: ../PA-Q1-Part III.pdf Graphic file (type pdf)
<use ../PA-Q1-Part III.pdf, page 11>
Package pdftex.def Info: ../PA-Q1-Part III.pdf , page11 used on input line 8.
(pdftex.def)             Requested size: 614.58406pt x 795.3441pt.
[55

 <../PA-Q1-Part III.pdf>]

pdfTeX warning: pdflatex (file ../PA-Q1-Part III.pdf): PDF inclusion: found PDF version <1.7>, but at most version <1.5> allowed
<../PA-Q1-Part III.pdf, id=492, page=12, 614.295pt x 794.97pt>
File: ../PA-Q1-Part III.pdf Graphic file (type pdf)
<use ../PA-Q1-Part III.pdf, page 12>
Package pdftex.def Info: ../PA-Q1-Part III.pdf , page12 used on input line 8.
(pdftex.def)             Requested size: 614.58406pt x 795.3441pt.
File: ../PA-Q1-Part III.pdf Graphic file (type pdf)
<use ../PA-Q1-Part III.pdf, page 12>
Package pdftex.def Info: ../PA-Q1-Part III.pdf , page12 used on input line 8.
(pdftex.def)             Requested size: 614.58406pt x 795.3441pt.
File: ../PA-Q1-Part III.pdf Graphic file (type pdf)
<use ../PA-Q1-Part III.pdf, page 12>
Package pdftex.def Info: ../PA-Q1-Part III.pdf , page12 used on input line 8.
(pdftex.def)             Requested size: 614.58406pt x 795.3441pt.
[56

 <../PA-Q1-Part III.pdf>]

pdfTeX warning: pdflatex (file ../PA-Q2.pdf): PDF inclusion: found PDF version <1.7>, but at most version <1.5> allowed
<../PA-Q2.pdf, id=498, 614.295pt x 794.97pt>
File: ../PA-Q2.pdf Graphic file (type pdf)
<use ../PA-Q2.pdf>
Package pdftex.def Info: ../PA-Q2.pdf  used on input line 9.
(pdftex.def)             Requested size: 614.29349pt x 794.96806pt.


pdfTeX warning: pdflatex (file ../PA-Q2.pdf): PDF inclusion: found PDF version <1.7>, but at most version <1.5> allowed


pdfTeX warning: pdflatex (file ../PA-Q2.pdf): PDF inclusion: found PDF version <1.7>, but at most version <1.5> allowed
<../PA-Q2.pdf, id=500, page=1, 614.295pt x 794.97pt>
File: ../PA-Q2.pdf Graphic file (type pdf)
<use ../PA-Q2.pdf, page 1>
Package pdftex.def Info: ../PA-Q2.pdf , page1 used on input line 9.
(pdftex.def)             Requested size: 614.29349pt x 794.96806pt.
File: ../PA-Q2.pdf Graphic file (type pdf)
<use ../PA-Q2.pdf, page 1>
Package pdftex.def Info: ../PA-Q2.pdf , page1 used on input line 9.
(pdftex.def)             Requested size: 614.58406pt x 795.3441pt.
File: ../PA-Q2.pdf Graphic file (type pdf)
<use ../PA-Q2.pdf, page 1>
Package pdftex.def Info: ../PA-Q2.pdf , page1 used on input line 9.
(pdftex.def)             Requested size: 614.58406pt x 795.3441pt.
File: ../PA-Q2.pdf Graphic file (type pdf)
<use ../PA-Q2.pdf, page 1>
Package pdftex.def Info: ../PA-Q2.pdf , page1 used on input line 9.
(pdftex.def)             Requested size: 614.58406pt x 795.3441pt.
File: ../PA-Q2.pdf Graphic file (type pdf)
<use ../PA-Q2.pdf, page 1>
Package pdftex.def Info: ../PA-Q2.pdf , page1 used on input line 9.
(pdftex.def)             Requested size: 614.58406pt x 795.3441pt.
[57

 <../PA-Q2.pdf>]

pdfTeX warning: pdflatex (file ../PA-Q2.pdf): PDF inclusion: found PDF version <1.7>, but at most version <1.5> allowed
<../PA-Q2.pdf, id=554, page=2, 614.295pt x 794.97pt>
File: ../PA-Q2.pdf Graphic file (type pdf)
<use ../PA-Q2.pdf, page 2>
Package pdftex.def Info: ../PA-Q2.pdf , page2 used on input line 9.
(pdftex.def)             Requested size: 614.58406pt x 795.3441pt.
File: ../PA-Q2.pdf Graphic file (type pdf)
<use ../PA-Q2.pdf, page 2>
Package pdftex.def Info: ../PA-Q2.pdf , page2 used on input line 9.
(pdftex.def)             Requested size: 614.58406pt x 795.3441pt.
File: ../PA-Q2.pdf Graphic file (type pdf)
<use ../PA-Q2.pdf, page 2>
Package pdftex.def Info: ../PA-Q2.pdf , page2 used on input line 9.
(pdftex.def)             Requested size: 614.58406pt x 795.3441pt.
[58

 <../PA-Q2.pdf>]

pdfTeX warning: pdflatex (file ../PA-Q2.pdf): PDF inclusion: found PDF version <1.7>, but at most version <1.5> allowed
<../PA-Q2.pdf, id=558, page=3, 614.295pt x 794.97pt>
File: ../PA-Q2.pdf Graphic file (type pdf)
<use ../PA-Q2.pdf, page 3>
Package pdftex.def Info: ../PA-Q2.pdf , page3 used on input line 9.
(pdftex.def)             Requested size: 614.58406pt x 795.3441pt.
File: ../PA-Q2.pdf Graphic file (type pdf)
<use ../PA-Q2.pdf, page 3>
Package pdftex.def Info: ../PA-Q2.pdf , page3 used on input line 9.
(pdftex.def)             Requested size: 614.58406pt x 795.3441pt.
File: ../PA-Q2.pdf Graphic file (type pdf)
<use ../PA-Q2.pdf, page 3>
Package pdftex.def Info: ../PA-Q2.pdf , page3 used on input line 9.
(pdftex.def)             Requested size: 614.58406pt x 795.3441pt.
[59

 <../PA-Q2.pdf>]

pdfTeX warning: pdflatex (file ../PA-Q2.pdf): PDF inclusion: found PDF version <1.7>, but at most version <1.5> allowed
<../PA-Q2.pdf, id=562, page=4, 614.295pt x 794.97pt>
File: ../PA-Q2.pdf Graphic file (type pdf)
<use ../PA-Q2.pdf, page 4>
Package pdftex.def Info: ../PA-Q2.pdf , page4 used on input line 9.
(pdftex.def)             Requested size: 614.58406pt x 795.3441pt.
File: ../PA-Q2.pdf Graphic file (type pdf)
<use ../PA-Q2.pdf, page 4>
Package pdftex.def Info: ../PA-Q2.pdf , page4 used on input line 9.
(pdftex.def)             Requested size: 614.58406pt x 795.3441pt.
File: ../PA-Q2.pdf Graphic file (type pdf)
<use ../PA-Q2.pdf, page 4>
Package pdftex.def Info: ../PA-Q2.pdf , page4 used on input line 9.
(pdftex.def)             Requested size: 614.58406pt x 795.3441pt.
[60

 <../PA-Q2.pdf>]

pdfTeX warning: pdflatex (file ../PA-Q2.pdf): PDF inclusion: found PDF version <1.7>, but at most version <1.5> allowed
<../PA-Q2.pdf, id=566, page=5, 614.295pt x 794.97pt>
File: ../PA-Q2.pdf Graphic file (type pdf)
<use ../PA-Q2.pdf, page 5>
Package pdftex.def Info: ../PA-Q2.pdf , page5 used on input line 9.
(pdftex.def)             Requested size: 614.58406pt x 795.3441pt.
File: ../PA-Q2.pdf Graphic file (type pdf)
<use ../PA-Q2.pdf, page 5>
Package pdftex.def Info: ../PA-Q2.pdf , page5 used on input line 9.
(pdftex.def)             Requested size: 614.58406pt x 795.3441pt.
File: ../PA-Q2.pdf Graphic file (type pdf)
<use ../PA-Q2.pdf, page 5>
Package pdftex.def Info: ../PA-Q2.pdf , page5 used on input line 9.
(pdftex.def)             Requested size: 614.58406pt x 795.3441pt.
[61

 <../PA-Q2.pdf>]

pdfTeX warning: pdflatex (file ../PA-Q2.pdf): PDF inclusion: found PDF version <1.7>, but at most version <1.5> allowed
<../PA-Q2.pdf, id=578, page=6, 614.295pt x 794.97pt>
File: ../PA-Q2.pdf Graphic file (type pdf)
<use ../PA-Q2.pdf, page 6>
Package pdftex.def Info: ../PA-Q2.pdf , page6 used on input line 9.
(pdftex.def)             Requested size: 614.58406pt x 795.3441pt.
File: ../PA-Q2.pdf Graphic file (type pdf)
<use ../PA-Q2.pdf, page 6>
Package pdftex.def Info: ../PA-Q2.pdf , page6 used on input line 9.
(pdftex.def)             Requested size: 614.58406pt x 795.3441pt.
File: ../PA-Q2.pdf Graphic file (type pdf)
<use ../PA-Q2.pdf, page 6>
Package pdftex.def Info: ../PA-Q2.pdf , page6 used on input line 9.
(pdftex.def)             Requested size: 614.58406pt x 795.3441pt.
[62

 <../PA-Q2.pdf>]

pdfTeX warning: pdflatex (file ../PA-Q2.pdf): PDF inclusion: found PDF version <1.7>, but at most version <1.5> allowed
<../PA-Q2.pdf, id=589, page=7, 614.295pt x 794.97pt>
File: ../PA-Q2.pdf Graphic file (type pdf)
<use ../PA-Q2.pdf, page 7>
Package pdftex.def Info: ../PA-Q2.pdf , page7 used on input line 9.
(pdftex.def)             Requested size: 614.58406pt x 795.3441pt.
File: ../PA-Q2.pdf Graphic file (type pdf)
<use ../PA-Q2.pdf, page 7>
Package pdftex.def Info: ../PA-Q2.pdf , page7 used on input line 9.
(pdftex.def)             Requested size: 614.58406pt x 795.3441pt.
File: ../PA-Q2.pdf Graphic file (type pdf)
<use ../PA-Q2.pdf, page 7>
Package pdftex.def Info: ../PA-Q2.pdf , page7 used on input line 9.
(pdftex.def)             Requested size: 614.58406pt x 795.3441pt.
[63

 <../PA-Q2.pdf>]

pdfTeX warning: pdflatex (file ../PA-Q2.pdf): PDF inclusion: found PDF version <1.7>, but at most version <1.5> allowed
<../PA-Q2.pdf, id=593, page=8, 614.295pt x 794.97pt>
File: ../PA-Q2.pdf Graphic file (type pdf)
<use ../PA-Q2.pdf, page 8>
Package pdftex.def Info: ../PA-Q2.pdf , page8 used on input line 9.
(pdftex.def)             Requested size: 614.58406pt x 795.3441pt.
File: ../PA-Q2.pdf Graphic file (type pdf)
<use ../PA-Q2.pdf, page 8>
Package pdftex.def Info: ../PA-Q2.pdf , page8 used on input line 9.
(pdftex.def)             Requested size: 614.58406pt x 795.3441pt.
File: ../PA-Q2.pdf Graphic file (type pdf)
<use ../PA-Q2.pdf, page 8>
Package pdftex.def Info: ../PA-Q2.pdf , page8 used on input line 9.
(pdftex.def)             Requested size: 614.58406pt x 795.3441pt.
[64

 <../PA-Q2.pdf>]

pdfTeX warning: pdflatex (file ../PA-Q2.pdf): PDF inclusion: found PDF version <1.7>, but at most version <1.5> allowed
<../PA-Q2.pdf, id=597, page=9, 614.295pt x 794.97pt>
File: ../PA-Q2.pdf Graphic file (type pdf)
<use ../PA-Q2.pdf, page 9>
Package pdftex.def Info: ../PA-Q2.pdf , page9 used on input line 9.
(pdftex.def)             Requested size: 614.58406pt x 795.3441pt.
File: ../PA-Q2.pdf Graphic file (type pdf)
<use ../PA-Q2.pdf, page 9>
Package pdftex.def Info: ../PA-Q2.pdf , page9 used on input line 9.
(pdftex.def)             Requested size: 614.58406pt x 795.3441pt.
File: ../PA-Q2.pdf Graphic file (type pdf)
<use ../PA-Q2.pdf, page 9>
Package pdftex.def Info: ../PA-Q2.pdf , page9 used on input line 9.
(pdftex.def)             Requested size: 614.58406pt x 795.3441pt.
[65

 <../PA-Q2.pdf>]

pdfTeX warning: pdflatex (file ../PA-Q2.pdf): PDF inclusion: found PDF version <1.7>, but at most version <1.5> allowed
<../PA-Q2.pdf, id=601, page=10, 614.295pt x 794.97pt>
File: ../PA-Q2.pdf Graphic file (type pdf)
<use ../PA-Q2.pdf, page 10>
Package pdftex.def Info: ../PA-Q2.pdf , page10 used on input line 9.
(pdftex.def)             Requested size: 614.58406pt x 795.3441pt.
File: ../PA-Q2.pdf Graphic file (type pdf)
<use ../PA-Q2.pdf, page 10>
Package pdftex.def Info: ../PA-Q2.pdf , page10 used on input line 9.
(pdftex.def)             Requested size: 614.58406pt x 795.3441pt.
File: ../PA-Q2.pdf Graphic file (type pdf)
<use ../PA-Q2.pdf, page 10>
Package pdftex.def Info: ../PA-Q2.pdf , page10 used on input line 9.
(pdftex.def)             Requested size: 614.58406pt x 795.3441pt.
[66

 <../PA-Q2.pdf>]

pdfTeX warning: pdflatex (file ../PA-Q2.pdf): PDF inclusion: found PDF version <1.7>, but at most version <1.5> allowed
<../PA-Q2.pdf, id=605, page=11, 614.295pt x 794.97pt>
File: ../PA-Q2.pdf Graphic file (type pdf)
<use ../PA-Q2.pdf, page 11>
Package pdftex.def Info: ../PA-Q2.pdf , page11 used on input line 9.
(pdftex.def)             Requested size: 614.58406pt x 795.3441pt.
File: ../PA-Q2.pdf Graphic file (type pdf)
<use ../PA-Q2.pdf, page 11>
Package pdftex.def Info: ../PA-Q2.pdf , page11 used on input line 9.
(pdftex.def)             Requested size: 614.58406pt x 795.3441pt.
File: ../PA-Q2.pdf Graphic file (type pdf)
<use ../PA-Q2.pdf, page 11>
Package pdftex.def Info: ../PA-Q2.pdf , page11 used on input line 9.
(pdftex.def)             Requested size: 614.58406pt x 795.3441pt.
[67

 <../PA-Q2.pdf>]

pdfTeX warning: pdflatex (file ../PA-Q2.pdf): PDF inclusion: found PDF version <1.7>, but at most version <1.5> allowed
<../PA-Q2.pdf, id=610, page=12, 614.295pt x 794.97pt>
File: ../PA-Q2.pdf Graphic file (type pdf)
<use ../PA-Q2.pdf, page 12>
Package pdftex.def Info: ../PA-Q2.pdf , page12 used on input line 9.
(pdftex.def)             Requested size: 614.58406pt x 795.3441pt.
File: ../PA-Q2.pdf Graphic file (type pdf)
<use ../PA-Q2.pdf, page 12>
Package pdftex.def Info: ../PA-Q2.pdf , page12 used on input line 9.
(pdftex.def)             Requested size: 614.58406pt x 795.3441pt.
File: ../PA-Q2.pdf Graphic file (type pdf)
<use ../PA-Q2.pdf, page 12>
Package pdftex.def Info: ../PA-Q2.pdf , page12 used on input line 9.
(pdftex.def)             Requested size: 614.58406pt x 795.3441pt.
[68

 <../PA-Q2.pdf>]

pdfTeX warning: pdflatex (file ../PA-Q2.pdf): PDF inclusion: found PDF version <1.7>, but at most version <1.5> allowed
<../PA-Q2.pdf, id=614, page=13, 614.295pt x 794.97pt>
File: ../PA-Q2.pdf Graphic file (type pdf)
<use ../PA-Q2.pdf, page 13>
Package pdftex.def Info: ../PA-Q2.pdf , page13 used on input line 9.
(pdftex.def)             Requested size: 614.58406pt x 795.3441pt.
File: ../PA-Q2.pdf Graphic file (type pdf)
<use ../PA-Q2.pdf, page 13>
Package pdftex.def Info: ../PA-Q2.pdf , page13 used on input line 9.
(pdftex.def)             Requested size: 614.58406pt x 795.3441pt.
File: ../PA-Q2.pdf Graphic file (type pdf)
<use ../PA-Q2.pdf, page 13>
Package pdftex.def Info: ../PA-Q2.pdf , page13 used on input line 9.
(pdftex.def)             Requested size: 614.58406pt x 795.3441pt.
[69

 <../PA-Q2.pdf>]

pdfTeX warning: pdflatex (file ../PA-Q2.pdf): PDF inclusion: found PDF version <1.7>, but at most version <1.5> allowed
<../PA-Q2.pdf, id=618, page=14, 614.295pt x 794.97pt>
File: ../PA-Q2.pdf Graphic file (type pdf)
<use ../PA-Q2.pdf, page 14>
Package pdftex.def Info: ../PA-Q2.pdf , page14 used on input line 9.
(pdftex.def)             Requested size: 614.58406pt x 795.3441pt.
File: ../PA-Q2.pdf Graphic file (type pdf)
<use ../PA-Q2.pdf, page 14>
Package pdftex.def Info: ../PA-Q2.pdf , page14 used on input line 9.
(pdftex.def)             Requested size: 614.58406pt x 795.3441pt.
File: ../PA-Q2.pdf Graphic file (type pdf)
<use ../PA-Q2.pdf, page 14>
Package pdftex.def Info: ../PA-Q2.pdf , page14 used on input line 9.
(pdftex.def)             Requested size: 614.58406pt x 795.3441pt.
[70

 <../PA-Q2.pdf>]

pdfTeX warning: pdflatex (file ../PA-Q2.pdf): PDF inclusion: found PDF version <1.7>, but at most version <1.5> allowed
<../PA-Q2.pdf, id=622, page=15, 614.295pt x 794.97pt>
File: ../PA-Q2.pdf Graphic file (type pdf)
<use ../PA-Q2.pdf, page 15>
Package pdftex.def Info: ../PA-Q2.pdf , page15 used on input line 9.
(pdftex.def)             Requested size: 614.58406pt x 795.3441pt.
File: ../PA-Q2.pdf Graphic file (type pdf)
<use ../PA-Q2.pdf, page 15>
Package pdftex.def Info: ../PA-Q2.pdf , page15 used on input line 9.
(pdftex.def)             Requested size: 614.58406pt x 795.3441pt.
File: ../PA-Q2.pdf Graphic file (type pdf)
<use ../PA-Q2.pdf, page 15>
Package pdftex.def Info: ../PA-Q2.pdf , page15 used on input line 9.
(pdftex.def)             Requested size: 614.58406pt x 795.3441pt.
[71

 <../PA-Q2.pdf>]

pdfTeX warning: pdflatex (file ../PA-Q2.pdf): PDF inclusion: found PDF version <1.7>, but at most version <1.5> allowed
<../PA-Q2.pdf, id=628, page=16, 614.295pt x 794.97pt>
File: ../PA-Q2.pdf Graphic file (type pdf)
<use ../PA-Q2.pdf, page 16>
Package pdftex.def Info: ../PA-Q2.pdf , page16 used on input line 9.
(pdftex.def)             Requested size: 614.58406pt x 795.3441pt.
File: ../PA-Q2.pdf Graphic file (type pdf)
<use ../PA-Q2.pdf, page 16>
Package pdftex.def Info: ../PA-Q2.pdf , page16 used on input line 9.
(pdftex.def)             Requested size: 614.58406pt x 795.3441pt.
File: ../PA-Q2.pdf Graphic file (type pdf)
<use ../PA-Q2.pdf, page 16>
Package pdftex.def Info: ../PA-Q2.pdf , page16 used on input line 9.
(pdftex.def)             Requested size: 614.58406pt x 795.3441pt.
[72

 <../PA-Q2.pdf>]

pdfTeX warning: pdflatex (file ../PA-Q2.pdf): PDF inclusion: found PDF version <1.7>, but at most version <1.5> allowed
<../PA-Q2.pdf, id=634, page=17, 614.295pt x 794.97pt>
File: ../PA-Q2.pdf Graphic file (type pdf)
<use ../PA-Q2.pdf, page 17>
Package pdftex.def Info: ../PA-Q2.pdf , page17 used on input line 9.
(pdftex.def)             Requested size: 614.58406pt x 795.3441pt.
File: ../PA-Q2.pdf Graphic file (type pdf)
<use ../PA-Q2.pdf, page 17>
Package pdftex.def Info: ../PA-Q2.pdf , page17 used on input line 9.
(pdftex.def)             Requested size: 614.58406pt x 795.3441pt.
File: ../PA-Q2.pdf Graphic file (type pdf)
<use ../PA-Q2.pdf, page 17>
Package pdftex.def Info: ../PA-Q2.pdf , page17 used on input line 9.
(pdftex.def)             Requested size: 614.58406pt x 795.3441pt.
[73

 <../PA-Q2.pdf>]

pdfTeX warning: pdflatex (file ../PA-Q2.pdf): PDF inclusion: found PDF version <1.7>, but at most version <1.5> allowed
<../PA-Q2.pdf, id=639, page=18, 614.295pt x 794.97pt>
File: ../PA-Q2.pdf Graphic file (type pdf)
<use ../PA-Q2.pdf, page 18>
Package pdftex.def Info: ../PA-Q2.pdf , page18 used on input line 9.
(pdftex.def)             Requested size: 614.58406pt x 795.3441pt.
File: ../PA-Q2.pdf Graphic file (type pdf)
<use ../PA-Q2.pdf, page 18>
Package pdftex.def Info: ../PA-Q2.pdf , page18 used on input line 9.
(pdftex.def)             Requested size: 614.58406pt x 795.3441pt.
File: ../PA-Q2.pdf Graphic file (type pdf)
<use ../PA-Q2.pdf, page 18>
Package pdftex.def Info: ../PA-Q2.pdf , page18 used on input line 9.
(pdftex.def)             Requested size: 614.58406pt x 795.3441pt.
[74

 <../PA-Q2.pdf>]

pdfTeX warning: pdflatex (file ../PA-Q2.pdf): PDF inclusion: found PDF version <1.7>, but at most version <1.5> allowed
<../PA-Q2.pdf, id=643, page=19, 614.295pt x 794.97pt>
File: ../PA-Q2.pdf Graphic file (type pdf)
<use ../PA-Q2.pdf, page 19>
Package pdftex.def Info: ../PA-Q2.pdf , page19 used on input line 9.
(pdftex.def)             Requested size: 614.58406pt x 795.3441pt.
File: ../PA-Q2.pdf Graphic file (type pdf)
<use ../PA-Q2.pdf, page 19>
Package pdftex.def Info: ../PA-Q2.pdf , page19 used on input line 9.
(pdftex.def)             Requested size: 614.58406pt x 795.3441pt.
File: ../PA-Q2.pdf Graphic file (type pdf)
<use ../PA-Q2.pdf, page 19>
Package pdftex.def Info: ../PA-Q2.pdf , page19 used on input line 9.
(pdftex.def)             Requested size: 614.58406pt x 795.3441pt.
[75

 <../PA-Q2.pdf>]

pdfTeX warning: pdflatex (file ../PA-Q2.pdf): PDF inclusion: found PDF version <1.7>, but at most version <1.5> allowed
<../PA-Q2.pdf, id=647, page=20, 614.295pt x 794.97pt>
File: ../PA-Q2.pdf Graphic file (type pdf)
<use ../PA-Q2.pdf, page 20>
Package pdftex.def Info: ../PA-Q2.pdf , page20 used on input line 9.
(pdftex.def)             Requested size: 614.58406pt x 795.3441pt.
File: ../PA-Q2.pdf Graphic file (type pdf)
<use ../PA-Q2.pdf, page 20>
Package pdftex.def Info: ../PA-Q2.pdf , page20 used on input line 9.
(pdftex.def)             Requested size: 614.58406pt x 795.3441pt.
File: ../PA-Q2.pdf Graphic file (type pdf)
<use ../PA-Q2.pdf, page 20>
Package pdftex.def Info: ../PA-Q2.pdf , page20 used on input line 9.
(pdftex.def)             Requested size: 614.58406pt x 795.3441pt.
[76

 <../PA-Q2.pdf>]

pdfTeX warning: pdflatex (file ../PA-Q2.pdf): PDF inclusion: found PDF version <1.7>, but at most version <1.5> allowed
<../PA-Q2.pdf, id=651, page=21, 614.295pt x 794.97pt>
File: ../PA-Q2.pdf Graphic file (type pdf)
<use ../PA-Q2.pdf, page 21>
Package pdftex.def Info: ../PA-Q2.pdf , page21 used on input line 9.
(pdftex.def)             Requested size: 614.58406pt x 795.3441pt.
File: ../PA-Q2.pdf Graphic file (type pdf)
<use ../PA-Q2.pdf, page 21>
Package pdftex.def Info: ../PA-Q2.pdf , page21 used on input line 9.
(pdftex.def)             Requested size: 614.58406pt x 795.3441pt.
File: ../PA-Q2.pdf Graphic file (type pdf)
<use ../PA-Q2.pdf, page 21>
Package pdftex.def Info: ../PA-Q2.pdf , page21 used on input line 9.
(pdftex.def)             Requested size: 614.58406pt x 795.3441pt.
[77

 <../PA-Q2.pdf>]

pdfTeX warning: pdflatex (file ../PA-Q2.pdf): PDF inclusion: found PDF version <1.7>, but at most version <1.5> allowed
<../PA-Q2.pdf, id=655, page=22, 614.295pt x 794.97pt>
File: ../PA-Q2.pdf Graphic file (type pdf)
<use ../PA-Q2.pdf, page 22>
Package pdftex.def Info: ../PA-Q2.pdf , page22 used on input line 9.
(pdftex.def)             Requested size: 614.58406pt x 795.3441pt.
File: ../PA-Q2.pdf Graphic file (type pdf)
<use ../PA-Q2.pdf, page 22>
Package pdftex.def Info: ../PA-Q2.pdf , page22 used on input line 9.
(pdftex.def)             Requested size: 614.58406pt x 795.3441pt.
File: ../PA-Q2.pdf Graphic file (type pdf)
<use ../PA-Q2.pdf, page 22>
Package pdftex.def Info: ../PA-Q2.pdf , page22 used on input line 9.
(pdftex.def)             Requested size: 614.58406pt x 795.3441pt.
[78

 <../PA-Q2.pdf>] (PA.aux)
 ***********
LaTeX2e <2025-11-01>
L3 programming layer <2026-03-20>
 ***********
 ) 
Here is how much of TeX's memory you used:
 3343 strings out of 467691
 58801 string characters out of 5413051
 463893 words of memory out of 5000000
 32404 multiletter control sequences out of 15000+600000
 627721 words of font info for 40 fonts, out of 8000000 for 9000
 1141 hyphenation exceptions out of 8191
 72i,17n,90p,270b,452s stack positions out of 10000i,1000n,20000p,200000b,200000s

Output written on PA.pdf (78 pages, 1120624 bytes).
PDF statistics:
 664 PDF objects out of 1000 (max. 8388607)
 0 named destinations out of 1000 (max. 500000)
 431 words of extra memory for PDF output out of 10000 (max. 10000000)

